<?xml version="1.0" encoding="utf-8" standalone="no"?>
<!--This file represents the results of running a test suite-->
<test-results name="D:\ProjectGallery\CodeSample\CSharp\UnitTestSample\MySample\bin\Debug\MySample.dll" total="6" errors="0" failures="0" not-run="0" inconclusive="0" ignored="0" skipped="0" invalid="0" date="2011-05-05" time="22:32:24">
  <environment nunit-version="2.5.10.11092" clr-version="2.0.50727.3615" os-version="Microsoft Windows NT 5.2.3790 Service Pack 2" platform="Win32NT" cwd="D:\ProjectGallery\CodeSample\CSharp\UnitTestSample\MySample\bin\Debug" machine-name="Z-WIN2003" user="Administrator" user-domain="Z-WIN2003" />
  <culture-info current-culture="zh-CN" current-uiculture="zh-CN" />
  <test-suite type="Assembly" name="D:\ProjectGallery\CodeSample\CSharp\UnitTestSample\MySample\bin\Debug\MySample.dll" executed="True" result="Success" success="True" time="0.219" asserts="0">
    <results>
      <test-suite type="Namespace" name="MySample" executed="True" result="Success" success="True" time="0.203" asserts="0">
        <results>
          <test-suite type="TestFixture" name="TestSearch" executed="True" result="Success" success="True" time="0.203" asserts="0">
            <results>
              <test-case name="MySample.TestSearch.TestLargest" executed="True" result="Success" success="True" time="0.063" asserts="3" />
              <test-case name="MySample.TestSearch.TestLargestEmpty" executed="True" result="Success" success="True" time="0.031" asserts="0" />
              <test-case name="MySample.TestSearch.TestLargestNegative" executed="True" result="Success" success="True" time="0.000" asserts="1" />
              <test-case name="MySample.TestSearch.TestLargestNull" executed="True" result="Success" success="True" time="0.000" asserts="0" />
              <test-case name="MySample.TestSearch.TestLargestOf4" executed="True" result="Success" success="True" time="0.000" asserts="3" />
              <test-case name="MySample.TestSearch.TestLargestOne" executed="True" result="Success" success="True" time="0.000" asserts="1" />
            </results>
          </test-suite>
        </results>
      </test-suite>
    </results>
  </test-suite>
</test-results>