<?xml version="1.0" encoding="utf-8" standalone="no"?>
<!--This file represents the results of running a test suite-->
<test-results name="D:\ProjectGallery\CodeSample\CSharp\NHibernateSamples\NHibernateSampleNUnit\bin\Debug\NHibernateSampleNUnit.dll" total="1" errors="0" failures="0" not-run="0" inconclusive="0" ignored="0" skipped="0" invalid="0" date="2011-11-02" time="22:05:44">
  <environment nunit-version="2.5.10.11092" clr-version="2.0.50727.3625" os-version="Microsoft Windows NT 5.2.3790 Service Pack 2" platform="Win32NT" cwd="C:\Program Files\NUnit 2.5.10\bin\net-2.0" machine-name="Z-WIN2003" user="Administrator" user-domain="Z-WIN2003" />
  <culture-info current-culture="zh-CN" current-uiculture="zh-CN" />
  <test-suite type="Assembly" name="D:\ProjectGallery\CodeSample\CSharp\NHibernateSamples\NHibernateSampleNUnit\bin\Debug\NHibernateSampleNUnit.dll" executed="True" result="Success" success="True" time="9.172" asserts="0">
    <results>
      <test-suite type="Namespace" name="NHibernateSampleTests" executed="True" result="Success" success="True" time="9.172" asserts="0">
        <results>
          <test-suite type="TestFixture" name="SampleTests" executed="True" result="Success" success="True" time="9.172" asserts="0">
            <results>
              <test-case name="NHibernateSampleTests.SampleTests.GetProductByIdTest" executed="True" result="Success" success="True" time="9.141" asserts="1" />
            </results>
          </test-suite>
        </results>
      </test-suite>
    </results>
  </test-suite>
</test-results>