<?xml version="1.0" encoding="UTF-8"?>
<TestRun id="dec952a4-b768-46f3-822b-a67ebf5edd38" name="Administrator@Z-WIN2003 2011-10-26 21:08:39" runUser="Z-WIN2003\Administrator" xmlns="http://microsoft.com/schemas/VisualStudio/TeamTest/2006">
  <TestRunConfiguration name="Local Test Run" id="27408ed2-1c33-4594-bdfc-228ca070bc0b">
    <Description>This is a default test run configuration for a local test run.</Description>
    <Deployment runDeploymentRoot="D:\ProjectGallery\CodeSample\CSharp\TestProject1\TestResults\Administrator_Z-WIN2003 2011-10-26 21_08_39">
      <DeploymentItem filename="D:\软件测试\软件测试\操作题练习\2\testNetFunction.dll" />
    </Deployment>
    <TestTypeSpecific />
  </TestRunConfiguration>
  <ResultSummary outcome="Error">
    <Counters total="18" executed="1" error="0" failed="0" timeout="0" aborted="1" inconclusive="0" passedButRunAborted="0" notRunnable="0" notExecuted="17" disconnected="0" warning="0" passed="0" completed="0" inProgress="0" pending="0" />
    <RunInfos>
      <RunInfo computerName="Z-WIN2003" outcome="Error" timestamp="2011-10-26T21:08:45.5937500+08:00">
        <Text>Test host process exited unexpectedly.</Text>
      </RunInfo>
    </RunInfos>
  </ResultSummary>
  <Times creation="2011-10-26T21:08:39.3750000+08:00" queuing="2011-10-26T21:08:43.6562500+08:00" start="2011-10-26T21:08:44.6406250+08:00" finish="2011-10-26T21:08:45.6093750+08:00" />
  <TestDefinitions>
    <UnitTest name="TestMethod12" storage="d:\projectgallery\codesample\csharp\testproject1\testproject1\bin\debug\testproject1.dll" id="717e8eeb-b167-6422-26cb-4a3f0a338336">
      <Css projectStructure="" iteration="" />
      <Owners>
        <Owner name="" />
      </Owners>
      <Execution id="e2e7f0c7-ccfc-4f29-bcf9-468a2d9e3483" />
      <TestMethod codeBase="D:\ProjectGallery\CodeSample\CSharp\TestProject1\TestProject1\bin\Debug\TestProject1.dll" adapterTypeName="Microsoft.VisualStudio.TestTools.TestTypes.Unit.UnitTestAdapter, Microsoft.VisualStudio.QualityTools.Tips.UnitTest.Adapter, Version=9.0.0.0, Culture=neutral, PublicKeyToken=b03f5f7f11d50a3a" className="TestProject1.UnitTest1, TestProject1" name="TestMethod12" />
    </UnitTest>
    <UnitTest name="TestMethod1" storage="d:\projectgallery\codesample\csharp\testproject1\testproject1\bin\debug\testproject1.dll" id="59863143-3238-122e-4d8a-637b491cc755">
      <Css projectStructure="" iteration="" />
      <Owners>
        <Owner name="" />
      </Owners>
      <Execution id="780c9684-5341-4498-8eea-7ecda01112f3" />
      <TestMethod codeBase="D:\ProjectGallery\CodeSample\CSharp\TestProject1\TestProject1\bin\Debug\TestProject1.dll" adapterTypeName="Microsoft.VisualStudio.TestTools.TestTypes.Unit.UnitTestAdapter, Microsoft.VisualStudio.QualityTools.Tips.UnitTest.Adapter, Version=9.0.0.0, Culture=neutral, PublicKeyToken=b03f5f7f11d50a3a" className="TestProject1.UnitTest1, TestProject1" name="TestMethod1" />
    </UnitTest>
    <UnitTest name="TestMethod3" storage="d:\projectgallery\codesample\csharp\testproject1\testproject1\bin\debug\testproject1.dll" id="778ac384-f4ff-6a8c-7e52-50f4693efe57">
      <Css projectStructure="" iteration="" />
      <Owners>
        <Owner name="" />
      </Owners>
      <Execution id="41c7d9d0-ec55-4425-b4d4-8a2d3d70a11d" />
      <TestMethod codeBase="D:\ProjectGallery\CodeSample\CSharp\TestProject1\TestProject1\bin\Debug\TestProject1.dll" adapterTypeName="Microsoft.VisualStudio.TestTools.TestTypes.Unit.UnitTestAdapter, Microsoft.VisualStudio.QualityTools.Tips.UnitTest.Adapter, Version=9.0.0.0, Culture=neutral, PublicKeyToken=b03f5f7f11d50a3a" className="TestProject1.UnitTest1, TestProject1" name="TestMethod3" />
    </UnitTest>
    <UnitTest name="TestMethod8" storage="d:\projectgallery\codesample\csharp\testproject1\testproject1\bin\debug\testproject1.dll" id="ff19ab38-d0c6-9616-e803-711fb1329d28">
      <Css projectStructure="" iteration="" />
      <Owners>
        <Owner name="" />
      </Owners>
      <TestMethod codeBase="D:\ProjectGallery\CodeSample\CSharp\TestProject1\TestProject1\bin\Debug\TestProject1.dll" adapterTypeName="Microsoft.VisualStudio.TestTools.TestTypes.Unit.UnitTestAdapter, Microsoft.VisualStudio.QualityTools.Tips.UnitTest.Adapter, Version=9.0.0.0, Culture=neutral, PublicKeyToken=b03f5f7f11d50a3a" className="TestProject1.UnitTest1, TestProject1" name="TestMethod8" />
    </UnitTest>
    <UnitTest name="TestMethod4" storage="d:\projectgallery\codesample\csharp\testproject1\testproject1\bin\debug\testproject1.dll" id="9df1d9aa-a8c0-dfd7-97f4-25855e430801">
      <Css projectStructure="" iteration="" />
      <Owners>
        <Owner name="" />
      </Owners>
      <Execution id="a3e78726-47d3-4ce2-872a-9fd14b5adcf0" />
      <TestMethod codeBase="D:\ProjectGallery\CodeSample\CSharp\TestProject1\TestProject1\bin\Debug\TestProject1.dll" adapterTypeName="Microsoft.VisualStudio.TestTools.TestTypes.Unit.UnitTestAdapter, Microsoft.VisualStudio.QualityTools.Tips.UnitTest.Adapter, Version=9.0.0.0, Culture=neutral, PublicKeyToken=b03f5f7f11d50a3a" className="TestProject1.UnitTest1, TestProject1" name="TestMethod4" />
    </UnitTest>
    <UnitTest name="TestMethod6" storage="d:\projectgallery\codesample\csharp\testproject1\testproject1\bin\debug\testproject1.dll" id="6d6a1b4e-19d6-8d2b-0d70-ef9b155c721c">
      <Css projectStructure="" iteration="" />
      <Owners>
        <Owner name="" />
      </Owners>
      <Execution id="116f9217-fb69-425b-97ac-d5775ef6d3ad" />
      <TestMethod codeBase="D:\ProjectGallery\CodeSample\CSharp\TestProject1\TestProject1\bin\Debug\TestProject1.dll" adapterTypeName="Microsoft.VisualStudio.TestTools.TestTypes.Unit.UnitTestAdapter, Microsoft.VisualStudio.QualityTools.Tips.UnitTest.Adapter, Version=9.0.0.0, Culture=neutral, PublicKeyToken=b03f5f7f11d50a3a" className="TestProject1.UnitTest1, TestProject1" name="TestMethod6" />
    </UnitTest>
    <UnitTest name="TestMethod10" storage="d:\projectgallery\codesample\csharp\testproject1\testproject1\bin\debug\testproject1.dll" id="90b3b085-fa31-591a-a607-7e9c973d49b1">
      <Css projectStructure="" iteration="" />
      <Owners>
        <Owner name="" />
      </Owners>
      <Execution id="774fd557-bd1f-40d2-a408-fb4f8ea1fcb0" />
      <TestMethod codeBase="D:\ProjectGallery\CodeSample\CSharp\TestProject1\TestProject1\bin\Debug\TestProject1.dll" adapterTypeName="Microsoft.VisualStudio.TestTools.TestTypes.Unit.UnitTestAdapter, Microsoft.VisualStudio.QualityTools.Tips.UnitTest.Adapter, Version=9.0.0.0, Culture=neutral, PublicKeyToken=b03f5f7f11d50a3a" className="TestProject1.UnitTest1, TestProject1" name="TestMethod10" />
    </UnitTest>
    <UnitTest name="TestMethod9" storage="d:\projectgallery\codesample\csharp\testproject1\testproject1\bin\debug\testproject1.dll" id="28a9b6e9-f1a2-f8cd-67e7-6f6b93621b29">
      <Css projectStructure="" iteration="" />
      <Owners>
        <Owner name="" />
      </Owners>
      <Execution id="faca5016-d019-4967-b38f-83535e313bfd" />
      <TestMethod codeBase="D:\ProjectGallery\CodeSample\CSharp\TestProject1\TestProject1\bin\Debug\TestProject1.dll" adapterTypeName="Microsoft.VisualStudio.TestTools.TestTypes.Unit.UnitTestAdapter, Microsoft.VisualStudio.QualityTools.Tips.UnitTest.Adapter, Version=9.0.0.0, Culture=neutral, PublicKeyToken=b03f5f7f11d50a3a" className="TestProject1.UnitTest1, TestProject1" name="TestMethod9" />
    </UnitTest>
    <UnitTest name="TestMethod2" storage="d:\projectgallery\codesample\csharp\testproject1\testproject1\bin\debug\testproject1.dll" id="9381223e-8095-9777-a0c7-26043045171c">
      <Css projectStructure="" iteration="" />
      <Owners>
        <Owner name="" />
      </Owners>
      <Execution id="35d4fe71-50b4-49e9-92c2-7c63fb9ebf81" />
      <TestMethod codeBase="D:\ProjectGallery\CodeSample\CSharp\TestProject1\TestProject1\bin\Debug\TestProject1.dll" adapterTypeName="Microsoft.VisualStudio.TestTools.TestTypes.Unit.UnitTestAdapter, Microsoft.VisualStudio.QualityTools.Tips.UnitTest.Adapter, Version=9.0.0.0, Culture=neutral, PublicKeyToken=b03f5f7f11d50a3a" className="TestProject1.UnitTest1, TestProject1" name="TestMethod2" />
    </UnitTest>
    <UnitTest name="TestMethod7" storage="d:\projectgallery\codesample\csharp\testproject1\testproject1\bin\debug\testproject1.dll" id="d5dd5eea-9dec-89a8-6475-86b2bdfee2dc">
      <Css projectStructure="" iteration="" />
      <Owners>
        <Owner name="" />
      </Owners>
      <Execution id="b2d377c6-a9e7-4a61-b075-f8430d7f58b3" />
      <TestMethod codeBase="D:\ProjectGallery\CodeSample\CSharp\TestProject1\TestProject1\bin\Debug\TestProject1.dll" adapterTypeName="Microsoft.VisualStudio.TestTools.TestTypes.Unit.UnitTestAdapter, Microsoft.VisualStudio.QualityTools.Tips.UnitTest.Adapter, Version=9.0.0.0, Culture=neutral, PublicKeyToken=b03f5f7f11d50a3a" className="TestProject1.UnitTest1, TestProject1" name="TestMethod7" />
    </UnitTest>
    <UnitTest name="TestMethod5" storage="d:\projectgallery\codesample\csharp\testproject1\testproject1\bin\debug\testproject1.dll" id="632b391a-8204-20df-82d8-b36a6b1c1b67">
      <Css projectStructure="" iteration="" />
      <Owners>
        <Owner name="" />
      </Owners>
      <Execution id="ba0b4bf5-aeb3-4a43-b940-f64c0dd60521" />
      <TestMethod codeBase="D:\ProjectGallery\CodeSample\CSharp\TestProject1\TestProject1\bin\Debug\TestProject1.dll" adapterTypeName="Microsoft.VisualStudio.TestTools.TestTypes.Unit.UnitTestAdapter, Microsoft.VisualStudio.QualityTools.Tips.UnitTest.Adapter, Version=9.0.0.0, Culture=neutral, PublicKeyToken=b03f5f7f11d50a3a" className="TestProject1.UnitTest1, TestProject1" name="TestMethod5" />
    </UnitTest>
    <UnitTest name="TestMethod13" storage="d:\projectgallery\codesample\csharp\testproject1\testproject1\bin\debug\testproject1.dll" id="144a62c6-5d25-ab95-cd28-164b7d9c3f33">
      <Css projectStructure="" iteration="" />
      <Owners>
        <Owner name="" />
      </Owners>
      <Execution id="b10a6735-9781-468d-bee4-df8ac22cf56b" />
      <TestMethod codeBase="D:\ProjectGallery\CodeSample\CSharp\TestProject1\TestProject1\bin\Debug\TestProject1.dll" adapterTypeName="Microsoft.VisualStudio.TestTools.TestTypes.Unit.UnitTestAdapter, Microsoft.VisualStudio.QualityTools.Tips.UnitTest.Adapter, Version=9.0.0.0, Culture=neutral, PublicKeyToken=b03f5f7f11d50a3a" className="TestProject1.UnitTest1, TestProject1" name="TestMethod13" />
    </UnitTest>
    <UnitTest name="TestMethod15" storage="d:\projectgallery\codesample\csharp\testproject1\testproject1\bin\debug\testproject1.dll" id="42456c65-c0d0-2236-d91b-d5ad9dc64d77">
      <Css projectStructure="" iteration="" />
      <Owners>
        <Owner name="" />
      </Owners>
      <Execution id="9672e18e-77f1-4562-a655-a08dfcade6fb" />
      <TestMethod codeBase="D:\ProjectGallery\CodeSample\CSharp\TestProject1\TestProject1\bin\Debug\TestProject1.dll" adapterTypeName="Microsoft.VisualStudio.TestTools.TestTypes.Unit.UnitTestAdapter, Microsoft.VisualStudio.QualityTools.Tips.UnitTest.Adapter, Version=9.0.0.0, Culture=neutral, PublicKeyToken=b03f5f7f11d50a3a" className="TestProject1.UnitTest1, TestProject1" name="TestMethod15" />
    </UnitTest>
    <UnitTest name="TestMethod16" storage="d:\projectgallery\codesample\csharp\testproject1\testproject1\bin\debug\testproject1.dll" id="2271d5cb-2807-c8c9-e927-72ba58278231">
      <Css projectStructure="" iteration="" />
      <Owners>
        <Owner name="" />
      </Owners>
      <Execution id="d2c109cc-8b30-4004-8a3b-65753d9f23ae" />
      <TestMethod codeBase="D:\ProjectGallery\CodeSample\CSharp\TestProject1\TestProject1\bin\Debug\TestProject1.dll" adapterTypeName="Microsoft.VisualStudio.TestTools.TestTypes.Unit.UnitTestAdapter, Microsoft.VisualStudio.QualityTools.Tips.UnitTest.Adapter, Version=9.0.0.0, Culture=neutral, PublicKeyToken=b03f5f7f11d50a3a" className="TestProject1.UnitTest1, TestProject1" name="TestMethod16" />
    </UnitTest>
    <UnitTest name="TestMethod18" storage="d:\projectgallery\codesample\csharp\testproject1\testproject1\bin\debug\testproject1.dll" id="ad3b6974-4865-3053-e108-d66f083a661a">
      <Css projectStructure="" iteration="" />
      <Owners>
        <Owner name="" />
      </Owners>
      <Execution id="06a6fea9-0cf7-4bb4-8243-03a4271f5b49" />
      <TestMethod codeBase="D:\ProjectGallery\CodeSample\CSharp\TestProject1\TestProject1\bin\Debug\TestProject1.dll" adapterTypeName="Microsoft.VisualStudio.TestTools.TestTypes.Unit.UnitTestAdapter, Microsoft.VisualStudio.QualityTools.Tips.UnitTest.Adapter, Version=9.0.0.0, Culture=neutral, PublicKeyToken=b03f5f7f11d50a3a" className="TestProject1.UnitTest1, TestProject1" name="TestMethod18" />
    </UnitTest>
    <UnitTest name="TestMethod17" storage="d:\projectgallery\codesample\csharp\testproject1\testproject1\bin\debug\testproject1.dll" id="f6c39598-07a6-c0a1-e8e8-1d1304f94913">
      <Css projectStructure="" iteration="" />
      <Owners>
        <Owner name="" />
      </Owners>
      <Execution id="757bdf75-ed79-49b4-bbad-b1758f1aae14" />
      <TestMethod codeBase="D:\ProjectGallery\CodeSample\CSharp\TestProject1\TestProject1\bin\Debug\TestProject1.dll" adapterTypeName="Microsoft.VisualStudio.TestTools.TestTypes.Unit.UnitTestAdapter, Microsoft.VisualStudio.QualityTools.Tips.UnitTest.Adapter, Version=9.0.0.0, Culture=neutral, PublicKeyToken=b03f5f7f11d50a3a" className="TestProject1.UnitTest1, TestProject1" name="TestMethod17" />
    </UnitTest>
    <UnitTest name="TestMethod14" storage="d:\projectgallery\codesample\csharp\testproject1\testproject1\bin\debug\testproject1.dll" id="8ff3bff6-18d3-150b-6eea-75450ff4f0cd">
      <Css projectStructure="" iteration="" />
      <Owners>
        <Owner name="" />
      </Owners>
      <Execution id="1db10de8-0ef1-43b5-b6a7-0d0a6ab79f82" />
      <TestMethod codeBase="D:\ProjectGallery\CodeSample\CSharp\TestProject1\TestProject1\bin\Debug\TestProject1.dll" adapterTypeName="Microsoft.VisualStudio.TestTools.TestTypes.Unit.UnitTestAdapter, Microsoft.VisualStudio.QualityTools.Tips.UnitTest.Adapter, Version=9.0.0.0, Culture=neutral, PublicKeyToken=b03f5f7f11d50a3a" className="TestProject1.UnitTest1, TestProject1" name="TestMethod14" />
    </UnitTest>
    <UnitTest name="TestMethod11" storage="d:\projectgallery\codesample\csharp\testproject1\testproject1\bin\debug\testproject1.dll" id="3fad3c25-07c8-4d3e-b92b-658c5a409fae">
      <Css projectStructure="" iteration="" />
      <Owners>
        <Owner name="" />
      </Owners>
      <Execution id="e2941849-6d81-4b82-85a4-4d13529cb139" />
      <TestMethod codeBase="D:\ProjectGallery\CodeSample\CSharp\TestProject1\TestProject1\bin\Debug\TestProject1.dll" adapterTypeName="Microsoft.VisualStudio.TestTools.TestTypes.Unit.UnitTestAdapter, Microsoft.VisualStudio.QualityTools.Tips.UnitTest.Adapter, Version=9.0.0.0, Culture=neutral, PublicKeyToken=b03f5f7f11d50a3a" className="TestProject1.UnitTest1, TestProject1" name="TestMethod11" />
    </UnitTest>
  </TestDefinitions>
  <TestLists>
    <TestList name="Results Not in a List" id="8c84fa94-04c1-424b-9868-57a2d4851a1d" />
    <TestList name="All Loaded Results" id="19431567-8539-422a-85d7-44ee4e166bda" />
  </TestLists>
  <TestEntries>
    <TestEntry testId="144a62c6-5d25-ab95-cd28-164b7d9c3f33" executionId="cfd4ab66-cb0a-428d-a139-c8228e410c3f" testListId="8c84fa94-04c1-424b-9868-57a2d4851a1d" />
    <TestEntry testId="2271d5cb-2807-c8c9-e927-72ba58278231" executionId="838ec075-b1c3-4f91-9204-b144d80f6c8f" testListId="8c84fa94-04c1-424b-9868-57a2d4851a1d" />
    <TestEntry testId="28a9b6e9-f1a2-f8cd-67e7-6f6b93621b29" executionId="c3ba7795-9ae9-4d68-9efb-5cc2809d3ddd" testListId="8c84fa94-04c1-424b-9868-57a2d4851a1d" />
    <TestEntry testId="3fad3c25-07c8-4d3e-b92b-658c5a409fae" executionId="f7aae573-d4a9-4d20-8e7a-eddb27df1e09" testListId="8c84fa94-04c1-424b-9868-57a2d4851a1d" />
    <TestEntry testId="42456c65-c0d0-2236-d91b-d5ad9dc64d77" executionId="553edad2-e0e8-441e-ab0a-90c0c6d13551" testListId="8c84fa94-04c1-424b-9868-57a2d4851a1d" />
    <TestEntry testId="59863143-3238-122e-4d8a-637b491cc755" executionId="22f5f77e-8378-422b-81c1-7a8cd5250931" testListId="8c84fa94-04c1-424b-9868-57a2d4851a1d" />
    <TestEntry testId="632b391a-8204-20df-82d8-b36a6b1c1b67" executionId="11cf5ba8-3801-43bc-9276-47d2701814e0" testListId="8c84fa94-04c1-424b-9868-57a2d4851a1d" />
    <TestEntry testId="6d6a1b4e-19d6-8d2b-0d70-ef9b155c721c" executionId="9895bd7f-8656-416d-857e-76f6f51fa17d" testListId="8c84fa94-04c1-424b-9868-57a2d4851a1d" />
    <TestEntry testId="717e8eeb-b167-6422-26cb-4a3f0a338336" executionId="858dc8ea-8cf5-4952-b6ea-039845f4b91f" testListId="8c84fa94-04c1-424b-9868-57a2d4851a1d" />
    <TestEntry testId="778ac384-f4ff-6a8c-7e52-50f4693efe57" executionId="00a92e39-58c5-4b35-be59-985f5fef25f9" testListId="8c84fa94-04c1-424b-9868-57a2d4851a1d" />
    <TestEntry testId="8ff3bff6-18d3-150b-6eea-75450ff4f0cd" executionId="32f3628c-bc54-4dae-bab7-3eeba481d0c2" testListId="8c84fa94-04c1-424b-9868-57a2d4851a1d" />
    <TestEntry testId="90b3b085-fa31-591a-a607-7e9c973d49b1" executionId="f9c2537f-264a-4398-a518-3eca8a081607" testListId="8c84fa94-04c1-424b-9868-57a2d4851a1d" />
    <TestEntry testId="9381223e-8095-9777-a0c7-26043045171c" executionId="d42dde0b-de1e-4511-8f31-78562c978726" testListId="8c84fa94-04c1-424b-9868-57a2d4851a1d" />
    <TestEntry testId="9df1d9aa-a8c0-dfd7-97f4-25855e430801" executionId="f70fc0d8-c057-4060-aeee-0266cf07871e" testListId="8c84fa94-04c1-424b-9868-57a2d4851a1d" />
    <TestEntry testId="ad3b6974-4865-3053-e108-d66f083a661a" executionId="33ac73bd-98bb-42f9-9de9-ac8a199cd8f7" testListId="8c84fa94-04c1-424b-9868-57a2d4851a1d" />
    <TestEntry testId="d5dd5eea-9dec-89a8-6475-86b2bdfee2dc" executionId="9e279427-771f-48fd-a381-ae38c6f9d458" testListId="8c84fa94-04c1-424b-9868-57a2d4851a1d" />
    <TestEntry testId="f6c39598-07a6-c0a1-e8e8-1d1304f94913" executionId="4c4ca896-75c7-4b47-a549-5e63f3c5d964" testListId="8c84fa94-04c1-424b-9868-57a2d4851a1d" />
    <TestEntry testId="ff19ab38-d0c6-9616-e803-711fb1329d28" executionId="69ff1626-102a-47d1-8810-ba52ca7a1c89" testListId="8c84fa94-04c1-424b-9868-57a2d4851a1d" />
  </TestEntries>
  <Results>
    <UnitTestResult executionId="cfd4ab66-cb0a-428d-a139-c8228e410c3f" testId="144a62c6-5d25-ab95-cd28-164b7d9c3f33" testName="TestMethod13" computerName="Z-WIN2003" duration="00:00:00.6562500" startTime="2011-10-26T21:08:44.9531250+08:00" endTime="2011-10-26T21:08:45.6093750+08:00" testType="13cdc9d9-ddb5-4fa4-a97d-d965ccfc6d4b" outcome="Aborted" testListId="8c84fa94-04c1-424b-9868-57a2d4851a1d">
    </UnitTestResult>
    <UnitTestResult executionId="838ec075-b1c3-4f91-9204-b144d80f6c8f" testId="2271d5cb-2807-c8c9-e927-72ba58278231" testName="TestMethod16" computerName="Z-WIN2003" duration="00:00:00" startTime="0001-01-01T08:00:00.0000000+08:00" endTime="0001-01-01T08:00:00.0000000+08:00" testType="13cdc9d9-ddb5-4fa4-a97d-d965ccfc6d4b" outcome="NotExecuted" testListId="8c84fa94-04c1-424b-9868-57a2d4851a1d">
    </UnitTestResult>
    <UnitTestResult executionId="c3ba7795-9ae9-4d68-9efb-5cc2809d3ddd" testId="28a9b6e9-f1a2-f8cd-67e7-6f6b93621b29" testName="TestMethod9" computerName="Z-WIN2003" duration="00:00:00" startTime="0001-01-01T08:00:00.0000000+08:00" endTime="0001-01-01T08:00:00.0000000+08:00" testType="13cdc9d9-ddb5-4fa4-a97d-d965ccfc6d4b" outcome="NotExecuted" testListId="8c84fa94-04c1-424b-9868-57a2d4851a1d">
    </UnitTestResult>
    <UnitTestResult executionId="f7aae573-d4a9-4d20-8e7a-eddb27df1e09" testId="3fad3c25-07c8-4d3e-b92b-658c5a409fae" testName="TestMethod11" computerName="Z-WIN2003" duration="00:00:00" startTime="0001-01-01T08:00:00.0000000+08:00" endTime="0001-01-01T08:00:00.0000000+08:00" testType="13cdc9d9-ddb5-4fa4-a97d-d965ccfc6d4b" outcome="NotExecuted" testListId="8c84fa94-04c1-424b-9868-57a2d4851a1d">
    </UnitTestResult>
    <UnitTestResult executionId="553edad2-e0e8-441e-ab0a-90c0c6d13551" testId="42456c65-c0d0-2236-d91b-d5ad9dc64d77" testName="TestMethod15" computerName="Z-WIN2003" duration="00:00:00" startTime="0001-01-01T08:00:00.0000000+08:00" endTime="0001-01-01T08:00:00.0000000+08:00" testType="13cdc9d9-ddb5-4fa4-a97d-d965ccfc6d4b" outcome="NotExecuted" testListId="8c84fa94-04c1-424b-9868-57a2d4851a1d">
    </UnitTestResult>
    <UnitTestResult executionId="22f5f77e-8378-422b-81c1-7a8cd5250931" testId="59863143-3238-122e-4d8a-637b491cc755" testName="TestMethod1" computerName="Z-WIN2003" duration="00:00:00" startTime="0001-01-01T08:00:00.0000000+08:00" endTime="0001-01-01T08:00:00.0000000+08:00" testType="13cdc9d9-ddb5-4fa4-a97d-d965ccfc6d4b" outcome="NotExecuted" testListId="8c84fa94-04c1-424b-9868-57a2d4851a1d">
    </UnitTestResult>
    <UnitTestResult executionId="11cf5ba8-3801-43bc-9276-47d2701814e0" testId="632b391a-8204-20df-82d8-b36a6b1c1b67" testName="TestMethod5" computerName="Z-WIN2003" duration="00:00:00" startTime="0001-01-01T08:00:00.0000000+08:00" endTime="0001-01-01T08:00:00.0000000+08:00" testType="13cdc9d9-ddb5-4fa4-a97d-d965ccfc6d4b" outcome="NotExecuted" testListId="8c84fa94-04c1-424b-9868-57a2d4851a1d">
    </UnitTestResult>
    <UnitTestResult executionId="9895bd7f-8656-416d-857e-76f6f51fa17d" testId="6d6a1b4e-19d6-8d2b-0d70-ef9b155c721c" testName="TestMethod6" computerName="Z-WIN2003" duration="00:00:00" startTime="0001-01-01T08:00:00.0000000+08:00" endTime="0001-01-01T08:00:00.0000000+08:00" testType="13cdc9d9-ddb5-4fa4-a97d-d965ccfc6d4b" outcome="NotExecuted" testListId="8c84fa94-04c1-424b-9868-57a2d4851a1d">
    </UnitTestResult>
    <UnitTestResult executionId="858dc8ea-8cf5-4952-b6ea-039845f4b91f" testId="717e8eeb-b167-6422-26cb-4a3f0a338336" testName="TestMethod12" computerName="Z-WIN2003" duration="00:00:00" startTime="0001-01-01T08:00:00.0000000+08:00" endTime="0001-01-01T08:00:00.0000000+08:00" testType="13cdc9d9-ddb5-4fa4-a97d-d965ccfc6d4b" outcome="NotExecuted" testListId="8c84fa94-04c1-424b-9868-57a2d4851a1d">
    </UnitTestResult>
    <UnitTestResult executionId="00a92e39-58c5-4b35-be59-985f5fef25f9" testId="778ac384-f4ff-6a8c-7e52-50f4693efe57" testName="TestMethod3" computerName="Z-WIN2003" duration="00:00:00" startTime="0001-01-01T08:00:00.0000000+08:00" endTime="0001-01-01T08:00:00.0000000+08:00" testType="13cdc9d9-ddb5-4fa4-a97d-d965ccfc6d4b" outcome="NotExecuted" testListId="8c84fa94-04c1-424b-9868-57a2d4851a1d">
    </UnitTestResult>
    <UnitTestResult executionId="32f3628c-bc54-4dae-bab7-3eeba481d0c2" testId="8ff3bff6-18d3-150b-6eea-75450ff4f0cd" testName="TestMethod14" computerName="Z-WIN2003" duration="00:00:00" startTime="0001-01-01T08:00:00.0000000+08:00" endTime="0001-01-01T08:00:00.0000000+08:00" testType="13cdc9d9-ddb5-4fa4-a97d-d965ccfc6d4b" outcome="NotExecuted" testListId="8c84fa94-04c1-424b-9868-57a2d4851a1d">
    </UnitTestResult>
    <UnitTestResult executionId="f9c2537f-264a-4398-a518-3eca8a081607" testId="90b3b085-fa31-591a-a607-7e9c973d49b1" testName="TestMethod10" computerName="Z-WIN2003" duration="00:00:00" startTime="0001-01-01T08:00:00.0000000+08:00" endTime="0001-01-01T08:00:00.0000000+08:00" testType="13cdc9d9-ddb5-4fa4-a97d-d965ccfc6d4b" outcome="NotExecuted" testListId="8c84fa94-04c1-424b-9868-57a2d4851a1d">
    </UnitTestResult>
    <UnitTestResult executionId="d42dde0b-de1e-4511-8f31-78562c978726" testId="9381223e-8095-9777-a0c7-26043045171c" testName="TestMethod2" computerName="Z-WIN2003" duration="00:00:00" startTime="0001-01-01T08:00:00.0000000+08:00" endTime="0001-01-01T08:00:00.0000000+08:00" testType="13cdc9d9-ddb5-4fa4-a97d-d965ccfc6d4b" outcome="NotExecuted" testListId="8c84fa94-04c1-424b-9868-57a2d4851a1d">
    </UnitTestResult>
    <UnitTestResult executionId="f70fc0d8-c057-4060-aeee-0266cf07871e" testId="9df1d9aa-a8c0-dfd7-97f4-25855e430801" testName="TestMethod4" computerName="Z-WIN2003" duration="00:00:00" startTime="0001-01-01T08:00:00.0000000+08:00" endTime="0001-01-01T08:00:00.0000000+08:00" testType="13cdc9d9-ddb5-4fa4-a97d-d965ccfc6d4b" outcome="NotExecuted" testListId="8c84fa94-04c1-424b-9868-57a2d4851a1d">
    </UnitTestResult>
    <UnitTestResult executionId="33ac73bd-98bb-42f9-9de9-ac8a199cd8f7" testId="ad3b6974-4865-3053-e108-d66f083a661a" testName="TestMethod18" computerName="Z-WIN2003" duration="00:00:00" startTime="0001-01-01T08:00:00.0000000+08:00" endTime="0001-01-01T08:00:00.0000000+08:00" testType="13cdc9d9-ddb5-4fa4-a97d-d965ccfc6d4b" outcome="NotExecuted" testListId="8c84fa94-04c1-424b-9868-57a2d4851a1d">
    </UnitTestResult>
    <UnitTestResult executionId="9e279427-771f-48fd-a381-ae38c6f9d458" testId="d5dd5eea-9dec-89a8-6475-86b2bdfee2dc" testName="TestMethod7" computerName="Z-WIN2003" duration="00:00:00" startTime="0001-01-01T08:00:00.0000000+08:00" endTime="0001-01-01T08:00:00.0000000+08:00" testType="13cdc9d9-ddb5-4fa4-a97d-d965ccfc6d4b" outcome="NotExecuted" testListId="8c84fa94-04c1-424b-9868-57a2d4851a1d">
    </UnitTestResult>
    <UnitTestResult executionId="4c4ca896-75c7-4b47-a549-5e63f3c5d964" testId="f6c39598-07a6-c0a1-e8e8-1d1304f94913" testName="TestMethod17" computerName="Z-WIN2003" duration="00:00:00" startTime="0001-01-01T08:00:00.0000000+08:00" endTime="0001-01-01T08:00:00.0000000+08:00" testType="13cdc9d9-ddb5-4fa4-a97d-d965ccfc6d4b" outcome="NotExecuted" testListId="8c84fa94-04c1-424b-9868-57a2d4851a1d">
    </UnitTestResult>
    <UnitTestResult executionId="69ff1626-102a-47d1-8810-ba52ca7a1c89" testId="ff19ab38-d0c6-9616-e803-711fb1329d28" testName="TestMethod8" computerName="Z-WIN2003" duration="00:00:00" startTime="0001-01-01T08:00:00.0000000+08:00" endTime="0001-01-01T08:00:00.0000000+08:00" testType="13cdc9d9-ddb5-4fa4-a97d-d965ccfc6d4b" outcome="NotExecuted" testListId="8c84fa94-04c1-424b-9868-57a2d4851a1d">
    </UnitTestResult>
  </Results>
</TestRun>