<?xml version="1.0" encoding="UTF-8"?>
<TestRun id="a797fa42-adde-4dc2-b23f-1bd44c61c597" name="Administrator@Z-WIN2003 2011-10-26 20:45:19" runUser="Z-WIN2003\Administrator" xmlns="http://microsoft.com/schemas/VisualStudio/TeamTest/2006">
  <TestRunConfiguration name="Local Test Run" id="27408ed2-1c33-4594-bdfc-228ca070bc0b">
    <Description>This is a default test run configuration for a local test run.</Description>
    <Deployment runDeploymentRoot="D:\ProjectGallery\CodeSample\CSharp\TestProject1\TestResults\Administrator_Z-WIN2003 2011-10-26 20_45_19">
      <DeploymentItem filename="D:\软件测试\软件测试\操作题练习\2\testNetFunction.dll" />
    </Deployment>
    <TestTypeSpecific />
  </TestRunConfiguration>
  <ResultSummary outcome="Failed">
    <Counters total="18" executed="4" error="0" failed="3" timeout="0" aborted="1" inconclusive="0" passedButRunAborted="0" notRunnable="0" notExecuted="14" disconnected="0" warning="0" passed="0" completed="0" inProgress="0" pending="0" />
  </ResultSummary>
  <Times creation="2011-10-26T20:45:19.5468750+08:00" queuing="2011-10-26T20:45:20.9687500+08:00" start="2011-10-26T20:45:21.9687500+08:00" finish="2011-10-26T20:46:50.2343750+08:00" />
  <TestDefinitions>
    <UnitTest name="TestMethod12" storage="d:\projectgallery\codesample\csharp\testproject1\testproject1\bin\debug\testproject1.dll" id="717e8eeb-b167-6422-26cb-4a3f0a338336">
      <Css projectStructure="" iteration="" />
      <Owners>
        <Owner name="" />
      </Owners>
      <TestMethod codeBase="D:\ProjectGallery\CodeSample\CSharp\TestProject1\TestProject1\bin\Debug\TestProject1.dll" adapterTypeName="Microsoft.VisualStudio.TestTools.TestTypes.Unit.UnitTestAdapter, Microsoft.VisualStudio.QualityTools.Tips.UnitTest.Adapter, Version=9.0.0.0, Culture=neutral, PublicKeyToken=b03f5f7f11d50a3a" className="TestProject1.UnitTest1, TestProject1" name="TestMethod12" />
    </UnitTest>
    <UnitTest name="TestMethod1" storage="d:\projectgallery\codesample\csharp\testproject1\testproject1\bin\debug\testproject1.dll" id="59863143-3238-122e-4d8a-637b491cc755">
      <Css projectStructure="" iteration="" />
      <Owners>
        <Owner name="" />
      </Owners>
      <TestMethod codeBase="D:\ProjectGallery\CodeSample\CSharp\TestProject1\TestProject1\bin\Debug\TestProject1.dll" adapterTypeName="Microsoft.VisualStudio.TestTools.TestTypes.Unit.UnitTestAdapter, Microsoft.VisualStudio.QualityTools.Tips.UnitTest.Adapter, Version=9.0.0.0, Culture=neutral, PublicKeyToken=b03f5f7f11d50a3a" className="TestProject1.UnitTest1, TestProject1" name="TestMethod1" />
    </UnitTest>
    <UnitTest name="TestMethod3" storage="d:\projectgallery\codesample\csharp\testproject1\testproject1\bin\debug\testproject1.dll" id="778ac384-f4ff-6a8c-7e52-50f4693efe57">
      <Css projectStructure="" iteration="" />
      <Owners>
        <Owner name="" />
      </Owners>
      <TestMethod codeBase="D:\ProjectGallery\CodeSample\CSharp\TestProject1\TestProject1\bin\Debug\TestProject1.dll" adapterTypeName="Microsoft.VisualStudio.TestTools.TestTypes.Unit.UnitTestAdapter, Microsoft.VisualStudio.QualityTools.Tips.UnitTest.Adapter, Version=9.0.0.0, Culture=neutral, PublicKeyToken=b03f5f7f11d50a3a" className="TestProject1.UnitTest1, TestProject1" name="TestMethod3" />
    </UnitTest>
    <UnitTest name="TestMethod8" storage="d:\projectgallery\codesample\csharp\testproject1\testproject1\bin\debug\testproject1.dll" id="ff19ab38-d0c6-9616-e803-711fb1329d28">
      <Css projectStructure="" iteration="" />
      <Owners>
        <Owner name="" />
      </Owners>
      <TestMethod codeBase="D:\ProjectGallery\CodeSample\CSharp\TestProject1\TestProject1\bin\Debug\TestProject1.dll" adapterTypeName="Microsoft.VisualStudio.TestTools.TestTypes.Unit.UnitTestAdapter, Microsoft.VisualStudio.QualityTools.Tips.UnitTest.Adapter, Version=9.0.0.0, Culture=neutral, PublicKeyToken=b03f5f7f11d50a3a" className="TestProject1.UnitTest1, TestProject1" name="TestMethod8" />
    </UnitTest>
    <UnitTest name="TestMethod4" storage="d:\projectgallery\codesample\csharp\testproject1\testproject1\bin\debug\testproject1.dll" id="9df1d9aa-a8c0-dfd7-97f4-25855e430801">
      <Css projectStructure="" iteration="" />
      <Owners>
        <Owner name="" />
      </Owners>
      <TestMethod codeBase="D:\ProjectGallery\CodeSample\CSharp\TestProject1\TestProject1\bin\Debug\TestProject1.dll" adapterTypeName="Microsoft.VisualStudio.TestTools.TestTypes.Unit.UnitTestAdapter, Microsoft.VisualStudio.QualityTools.Tips.UnitTest.Adapter, Version=9.0.0.0, Culture=neutral, PublicKeyToken=b03f5f7f11d50a3a" className="TestProject1.UnitTest1, TestProject1" name="TestMethod4" />
    </UnitTest>
    <UnitTest name="TestMethod6" storage="d:\projectgallery\codesample\csharp\testproject1\testproject1\bin\debug\testproject1.dll" id="6d6a1b4e-19d6-8d2b-0d70-ef9b155c721c">
      <Css projectStructure="" iteration="" />
      <Owners>
        <Owner name="" />
      </Owners>
      <TestMethod codeBase="D:\ProjectGallery\CodeSample\CSharp\TestProject1\TestProject1\bin\Debug\TestProject1.dll" adapterTypeName="Microsoft.VisualStudio.TestTools.TestTypes.Unit.UnitTestAdapter, Microsoft.VisualStudio.QualityTools.Tips.UnitTest.Adapter, Version=9.0.0.0, Culture=neutral, PublicKeyToken=b03f5f7f11d50a3a" className="TestProject1.UnitTest1, TestProject1" name="TestMethod6" />
    </UnitTest>
    <UnitTest name="TestMethod10" storage="d:\projectgallery\codesample\csharp\testproject1\testproject1\bin\debug\testproject1.dll" id="90b3b085-fa31-591a-a607-7e9c973d49b1">
      <Css projectStructure="" iteration="" />
      <Owners>
        <Owner name="" />
      </Owners>
      <TestMethod codeBase="D:\ProjectGallery\CodeSample\CSharp\TestProject1\TestProject1\bin\Debug\TestProject1.dll" adapterTypeName="Microsoft.VisualStudio.TestTools.TestTypes.Unit.UnitTestAdapter, Microsoft.VisualStudio.QualityTools.Tips.UnitTest.Adapter, Version=9.0.0.0, Culture=neutral, PublicKeyToken=b03f5f7f11d50a3a" className="TestProject1.UnitTest1, TestProject1" name="TestMethod10" />
    </UnitTest>
    <UnitTest name="TestMethod9" storage="d:\projectgallery\codesample\csharp\testproject1\testproject1\bin\debug\testproject1.dll" id="28a9b6e9-f1a2-f8cd-67e7-6f6b93621b29">
      <Css projectStructure="" iteration="" />
      <Owners>
        <Owner name="" />
      </Owners>
      <Execution id="559c36e1-c98f-4868-9ff6-6d12a455e4d8" />
      <TestMethod codeBase="D:\ProjectGallery\CodeSample\CSharp\TestProject1\TestProject1\bin\Debug\TestProject1.dll" adapterTypeName="Microsoft.VisualStudio.TestTools.TestTypes.Unit.UnitTestAdapter, Microsoft.VisualStudio.QualityTools.Tips.UnitTest.Adapter, Version=9.0.0.0, Culture=neutral, PublicKeyToken=b03f5f7f11d50a3a" className="TestProject1.UnitTest1, TestProject1" name="TestMethod9" />
    </UnitTest>
    <UnitTest name="TestMethod2" storage="d:\projectgallery\codesample\csharp\testproject1\testproject1\bin\debug\testproject1.dll" id="9381223e-8095-9777-a0c7-26043045171c">
      <Css projectStructure="" iteration="" />
      <Owners>
        <Owner name="" />
      </Owners>
      <TestMethod codeBase="D:\ProjectGallery\CodeSample\CSharp\TestProject1\TestProject1\bin\Debug\TestProject1.dll" adapterTypeName="Microsoft.VisualStudio.TestTools.TestTypes.Unit.UnitTestAdapter, Microsoft.VisualStudio.QualityTools.Tips.UnitTest.Adapter, Version=9.0.0.0, Culture=neutral, PublicKeyToken=b03f5f7f11d50a3a" className="TestProject1.UnitTest1, TestProject1" name="TestMethod2" />
    </UnitTest>
    <UnitTest name="TestMethod7" storage="d:\projectgallery\codesample\csharp\testproject1\testproject1\bin\debug\testproject1.dll" id="d5dd5eea-9dec-89a8-6475-86b2bdfee2dc">
      <Css projectStructure="" iteration="" />
      <Owners>
        <Owner name="" />
      </Owners>
      <TestMethod codeBase="D:\ProjectGallery\CodeSample\CSharp\TestProject1\TestProject1\bin\Debug\TestProject1.dll" adapterTypeName="Microsoft.VisualStudio.TestTools.TestTypes.Unit.UnitTestAdapter, Microsoft.VisualStudio.QualityTools.Tips.UnitTest.Adapter, Version=9.0.0.0, Culture=neutral, PublicKeyToken=b03f5f7f11d50a3a" className="TestProject1.UnitTest1, TestProject1" name="TestMethod7" />
    </UnitTest>
    <UnitTest name="TestMethod5" storage="d:\projectgallery\codesample\csharp\testproject1\testproject1\bin\debug\testproject1.dll" id="632b391a-8204-20df-82d8-b36a6b1c1b67">
      <Css projectStructure="" iteration="" />
      <Owners>
        <Owner name="" />
      </Owners>
      <TestMethod codeBase="D:\ProjectGallery\CodeSample\CSharp\TestProject1\TestProject1\bin\Debug\TestProject1.dll" adapterTypeName="Microsoft.VisualStudio.TestTools.TestTypes.Unit.UnitTestAdapter, Microsoft.VisualStudio.QualityTools.Tips.UnitTest.Adapter, Version=9.0.0.0, Culture=neutral, PublicKeyToken=b03f5f7f11d50a3a" className="TestProject1.UnitTest1, TestProject1" name="TestMethod5" />
    </UnitTest>
    <UnitTest name="TestMethod13" storage="d:\projectgallery\codesample\csharp\testproject1\testproject1\bin\debug\testproject1.dll" id="144a62c6-5d25-ab95-cd28-164b7d9c3f33">
      <Css projectStructure="" iteration="" />
      <Owners>
        <Owner name="" />
      </Owners>
      <Execution id="86360b4b-3962-4b56-b020-a938038a7d43" />
      <TestMethod codeBase="D:\ProjectGallery\CodeSample\CSharp\TestProject1\TestProject1\bin\Debug\TestProject1.dll" adapterTypeName="Microsoft.VisualStudio.TestTools.TestTypes.Unit.UnitTestAdapter, Microsoft.VisualStudio.QualityTools.Tips.UnitTest.Adapter, Version=9.0.0.0, Culture=neutral, PublicKeyToken=b03f5f7f11d50a3a" className="TestProject1.UnitTest1, TestProject1" name="TestMethod13" />
    </UnitTest>
    <UnitTest name="TestMethod15" storage="d:\projectgallery\codesample\csharp\testproject1\testproject1\bin\debug\testproject1.dll" id="42456c65-c0d0-2236-d91b-d5ad9dc64d77">
      <Css projectStructure="" iteration="" />
      <Owners>
        <Owner name="" />
      </Owners>
      <TestMethod codeBase="D:\ProjectGallery\CodeSample\CSharp\TestProject1\TestProject1\bin\Debug\TestProject1.dll" adapterTypeName="Microsoft.VisualStudio.TestTools.TestTypes.Unit.UnitTestAdapter, Microsoft.VisualStudio.QualityTools.Tips.UnitTest.Adapter, Version=9.0.0.0, Culture=neutral, PublicKeyToken=b03f5f7f11d50a3a" className="TestProject1.UnitTest1, TestProject1" name="TestMethod15" />
    </UnitTest>
    <UnitTest name="TestMethod16" storage="d:\projectgallery\codesample\csharp\testproject1\testproject1\bin\debug\testproject1.dll" id="2271d5cb-2807-c8c9-e927-72ba58278231">
      <Css projectStructure="" iteration="" />
      <Owners>
        <Owner name="" />
      </Owners>
      <Execution id="728d58f3-63d6-4497-bf67-93ceb3c39e5a" />
      <TestMethod codeBase="D:\ProjectGallery\CodeSample\CSharp\TestProject1\TestProject1\bin\Debug\TestProject1.dll" adapterTypeName="Microsoft.VisualStudio.TestTools.TestTypes.Unit.UnitTestAdapter, Microsoft.VisualStudio.QualityTools.Tips.UnitTest.Adapter, Version=9.0.0.0, Culture=neutral, PublicKeyToken=b03f5f7f11d50a3a" className="TestProject1.UnitTest1, TestProject1" name="TestMethod16" />
    </UnitTest>
    <UnitTest name="TestMethod18" storage="d:\projectgallery\codesample\csharp\testproject1\testproject1\bin\debug\testproject1.dll" id="ad3b6974-4865-3053-e108-d66f083a661a">
      <Css projectStructure="" iteration="" />
      <Owners>
        <Owner name="" />
      </Owners>
      <TestMethod codeBase="D:\ProjectGallery\CodeSample\CSharp\TestProject1\TestProject1\bin\Debug\TestProject1.dll" adapterTypeName="Microsoft.VisualStudio.TestTools.TestTypes.Unit.UnitTestAdapter, Microsoft.VisualStudio.QualityTools.Tips.UnitTest.Adapter, Version=9.0.0.0, Culture=neutral, PublicKeyToken=b03f5f7f11d50a3a" className="TestProject1.UnitTest1, TestProject1" name="TestMethod18" />
    </UnitTest>
    <UnitTest name="TestMethod17" storage="d:\projectgallery\codesample\csharp\testproject1\testproject1\bin\debug\testproject1.dll" id="f6c39598-07a6-c0a1-e8e8-1d1304f94913">
      <Css projectStructure="" iteration="" />
      <Owners>
        <Owner name="" />
      </Owners>
      <TestMethod codeBase="D:\ProjectGallery\CodeSample\CSharp\TestProject1\TestProject1\bin\Debug\TestProject1.dll" adapterTypeName="Microsoft.VisualStudio.TestTools.TestTypes.Unit.UnitTestAdapter, Microsoft.VisualStudio.QualityTools.Tips.UnitTest.Adapter, Version=9.0.0.0, Culture=neutral, PublicKeyToken=b03f5f7f11d50a3a" className="TestProject1.UnitTest1, TestProject1" name="TestMethod17" />
    </UnitTest>
    <UnitTest name="TestMethod14" storage="d:\projectgallery\codesample\csharp\testproject1\testproject1\bin\debug\testproject1.dll" id="8ff3bff6-18d3-150b-6eea-75450ff4f0cd">
      <Css projectStructure="" iteration="" />
      <Owners>
        <Owner name="" />
      </Owners>
      <TestMethod codeBase="D:\ProjectGallery\CodeSample\CSharp\TestProject1\TestProject1\bin\Debug\TestProject1.dll" adapterTypeName="Microsoft.VisualStudio.TestTools.TestTypes.Unit.UnitTestAdapter, Microsoft.VisualStudio.QualityTools.Tips.UnitTest.Adapter, Version=9.0.0.0, Culture=neutral, PublicKeyToken=b03f5f7f11d50a3a" className="TestProject1.UnitTest1, TestProject1" name="TestMethod14" />
    </UnitTest>
    <UnitTest name="TestMethod11" storage="d:\projectgallery\codesample\csharp\testproject1\testproject1\bin\debug\testproject1.dll" id="3fad3c25-07c8-4d3e-b92b-658c5a409fae">
      <Css projectStructure="" iteration="" />
      <Owners>
        <Owner name="" />
      </Owners>
      <Execution id="a6c90635-2a96-4156-a6f8-09e0263f1467" />
      <TestMethod codeBase="D:\ProjectGallery\CodeSample\CSharp\TestProject1\TestProject1\bin\Debug\TestProject1.dll" adapterTypeName="Microsoft.VisualStudio.TestTools.TestTypes.Unit.UnitTestAdapter, Microsoft.VisualStudio.QualityTools.Tips.UnitTest.Adapter, Version=9.0.0.0, Culture=neutral, PublicKeyToken=b03f5f7f11d50a3a" className="TestProject1.UnitTest1, TestProject1" name="TestMethod11" />
    </UnitTest>
  </TestDefinitions>
  <TestLists>
    <TestList name="Results Not in a List" id="8c84fa94-04c1-424b-9868-57a2d4851a1d" />
    <TestList name="All Loaded Results" id="19431567-8539-422a-85d7-44ee4e166bda" />
  </TestLists>
  <TestEntries>
    <TestEntry testId="144a62c6-5d25-ab95-cd28-164b7d9c3f33" executionId="86360b4b-3962-4b56-b020-a938038a7d43" testListId="8c84fa94-04c1-424b-9868-57a2d4851a1d" />
    <TestEntry testId="2271d5cb-2807-c8c9-e927-72ba58278231" executionId="728d58f3-63d6-4497-bf67-93ceb3c39e5a" testListId="8c84fa94-04c1-424b-9868-57a2d4851a1d" />
    <TestEntry testId="28a9b6e9-f1a2-f8cd-67e7-6f6b93621b29" executionId="559c36e1-c98f-4868-9ff6-6d12a455e4d8" testListId="8c84fa94-04c1-424b-9868-57a2d4851a1d" />
    <TestEntry testId="3fad3c25-07c8-4d3e-b92b-658c5a409fae" executionId="a6c90635-2a96-4156-a6f8-09e0263f1467" testListId="8c84fa94-04c1-424b-9868-57a2d4851a1d" />
    <TestEntry testId="42456c65-c0d0-2236-d91b-d5ad9dc64d77" executionId="c44306f8-7f39-4c02-b118-b2c88b853acf" testListId="8c84fa94-04c1-424b-9868-57a2d4851a1d" />
    <TestEntry testId="59863143-3238-122e-4d8a-637b491cc755" executionId="2a5e0bf6-7df4-47ba-a809-01ea2ca8f2a0" testListId="8c84fa94-04c1-424b-9868-57a2d4851a1d" />
    <TestEntry testId="632b391a-8204-20df-82d8-b36a6b1c1b67" executionId="569bfcea-cc14-42c1-9148-265ffa944bdc" testListId="8c84fa94-04c1-424b-9868-57a2d4851a1d" />
    <TestEntry testId="6d6a1b4e-19d6-8d2b-0d70-ef9b155c721c" executionId="d059d445-2b93-4622-9800-398f8b2e80df" testListId="8c84fa94-04c1-424b-9868-57a2d4851a1d" />
    <TestEntry testId="717e8eeb-b167-6422-26cb-4a3f0a338336" executionId="b2000532-0785-47ae-a80a-08ab861a1f3d" testListId="8c84fa94-04c1-424b-9868-57a2d4851a1d" />
    <TestEntry testId="778ac384-f4ff-6a8c-7e52-50f4693efe57" executionId="79f57afe-c18d-49c0-8fa9-1d50bedc3039" testListId="8c84fa94-04c1-424b-9868-57a2d4851a1d" />
    <TestEntry testId="8ff3bff6-18d3-150b-6eea-75450ff4f0cd" executionId="e41e6c18-4664-4a4f-be4f-1db72290abb5" testListId="8c84fa94-04c1-424b-9868-57a2d4851a1d" />
    <TestEntry testId="90b3b085-fa31-591a-a607-7e9c973d49b1" executionId="e47dc327-ce17-4794-a70a-bfce79ec29d7" testListId="8c84fa94-04c1-424b-9868-57a2d4851a1d" />
    <TestEntry testId="9381223e-8095-9777-a0c7-26043045171c" executionId="a7ad13d0-cc5c-4e7b-b4a5-930f9469cb16" testListId="8c84fa94-04c1-424b-9868-57a2d4851a1d" />
    <TestEntry testId="9df1d9aa-a8c0-dfd7-97f4-25855e430801" executionId="5b65a273-1046-4db1-a902-4b6cefd4b66f" testListId="8c84fa94-04c1-424b-9868-57a2d4851a1d" />
    <TestEntry testId="ad3b6974-4865-3053-e108-d66f083a661a" executionId="58c1305f-a3a3-4b89-8014-0fda1273eaab" testListId="8c84fa94-04c1-424b-9868-57a2d4851a1d" />
    <TestEntry testId="d5dd5eea-9dec-89a8-6475-86b2bdfee2dc" executionId="e4309c7a-c4a0-4951-a5af-0d33e1fbd447" testListId="8c84fa94-04c1-424b-9868-57a2d4851a1d" />
    <TestEntry testId="f6c39598-07a6-c0a1-e8e8-1d1304f94913" executionId="a582bccb-61cd-4417-8a5d-3c9cb173fd5e" testListId="8c84fa94-04c1-424b-9868-57a2d4851a1d" />
    <TestEntry testId="ff19ab38-d0c6-9616-e803-711fb1329d28" executionId="f2781f7a-8861-423d-a2e5-ec9b79e79c56" testListId="8c84fa94-04c1-424b-9868-57a2d4851a1d" />
  </TestEntries>
  <Results>
    <UnitTestResult executionId="86360b4b-3962-4b56-b020-a938038a7d43" testId="144a62c6-5d25-ab95-cd28-164b7d9c3f33" testName="TestMethod13" computerName="Z-WIN2003" duration="00:00:01.0024532" startTime="2011-10-26T20:45:22.1093750+08:00" endTime="2011-10-26T20:45:24.9375000+08:00" testType="13cdc9d9-ddb5-4fa4-a97d-d965ccfc6d4b" outcome="Failed" testListId="8c84fa94-04c1-424b-9868-57a2d4851a1d">
      <Output>
        <ErrorInfo>
          <Message>Assert.AreEqual failed. Expected:&lt;1个1毛&gt;. Actual:&lt;硬币最少个数→应找余额: 一角的硬币:1个&gt;. </Message>
          <StackTrace>   at TestProject1.UnitTest1.TestMethod13() in D:\ProjectGallery\CodeSample\CSharp\TestProject1\TestProject1\2.1.10.cs:line 130
</StackTrace>
        </ErrorInfo>
      </Output>
    </UnitTestResult>
    <UnitTestResult executionId="728d58f3-63d6-4497-bf67-93ceb3c39e5a" testId="2271d5cb-2807-c8c9-e927-72ba58278231" testName="TestMethod16" computerName="Z-WIN2003" duration="00:00:00.0049372" startTime="2011-10-26T20:45:24.9531250+08:00" endTime="2011-10-26T20:45:24.9687500+08:00" testType="13cdc9d9-ddb5-4fa4-a97d-d965ccfc6d4b" outcome="Failed" testListId="8c84fa94-04c1-424b-9868-57a2d4851a1d">
      <Output>
        <ErrorInfo>
          <Message>Assert.AreEqual failed. Expected:&lt;3个一元2个1毛&gt;. Actual:&lt;硬币最少个数→应找余额: 一元的硬币:3个 一角的硬币:2个&gt;. </Message>
          <StackTrace>   at TestProject1.UnitTest1.TestMethod16() in D:\ProjectGallery\CodeSample\CSharp\TestProject1\TestProject1\2.1.10.cs:line 157
</StackTrace>
        </ErrorInfo>
      </Output>
    </UnitTestResult>
    <UnitTestResult executionId="559c36e1-c98f-4868-9ff6-6d12a455e4d8" testId="28a9b6e9-f1a2-f8cd-67e7-6f6b93621b29" testName="TestMethod9" computerName="Z-WIN2003" duration="00:00:00.0141776" startTime="2011-10-26T20:45:24.9687500+08:00" endTime="2011-10-26T20:45:25.0000000+08:00" testType="13cdc9d9-ddb5-4fa4-a97d-d965ccfc6d4b" outcome="Failed" testListId="8c84fa94-04c1-424b-9868-57a2d4851a1d">
      <Output>
        <ErrorInfo>
          <Message>Assert.AreEqual failed. Expected:&lt;总额和消费额均不能为零。&gt;. Actual:&lt;总额和消费额均不能为零&gt;. </Message>
          <StackTrace>   at TestProject1.UnitTest1.TestMethod9() in D:\ProjectGallery\CodeSample\CSharp\TestProject1\TestProject1\2.1.10.cs:line 94
</StackTrace>
        </ErrorInfo>
      </Output>
    </UnitTestResult>
    <UnitTestResult executionId="a6c90635-2a96-4156-a6f8-09e0263f1467" testId="3fad3c25-07c8-4d3e-b92b-658c5a409fae" testName="TestMethod11" computerName="Z-WIN2003" duration="00:01:20.1093750" startTime="2011-10-26T20:45:25.0000000+08:00" endTime="2011-10-26T20:46:45.1093750+08:00" testType="13cdc9d9-ddb5-4fa4-a97d-d965ccfc6d4b" outcome="Aborted" testListId="8c84fa94-04c1-424b-9868-57a2d4851a1d">
      <Output>
        <ErrorInfo>
          <Message>User aborted test run.</Message>
        </ErrorInfo>
      </Output>
    </UnitTestResult>
    <UnitTestResult executionId="c44306f8-7f39-4c02-b118-b2c88b853acf" testId="42456c65-c0d0-2236-d91b-d5ad9dc64d77" testName="TestMethod15" computerName="Z-WIN2003" duration="00:00:00" startTime="0001-01-01T08:00:00.0000000+08:00" endTime="0001-01-01T08:00:00.0000000+08:00" testType="13cdc9d9-ddb5-4fa4-a97d-d965ccfc6d4b" outcome="NotExecuted" testListId="8c84fa94-04c1-424b-9868-57a2d4851a1d">
    </UnitTestResult>
    <UnitTestResult executionId="2a5e0bf6-7df4-47ba-a809-01ea2ca8f2a0" testId="59863143-3238-122e-4d8a-637b491cc755" testName="TestMethod1" computerName="Z-WIN2003" duration="00:00:00" startTime="0001-01-01T08:00:00.0000000+08:00" endTime="0001-01-01T08:00:00.0000000+08:00" testType="13cdc9d9-ddb5-4fa4-a97d-d965ccfc6d4b" outcome="NotExecuted" testListId="8c84fa94-04c1-424b-9868-57a2d4851a1d">
    </UnitTestResult>
    <UnitTestResult executionId="569bfcea-cc14-42c1-9148-265ffa944bdc" testId="632b391a-8204-20df-82d8-b36a6b1c1b67" testName="TestMethod5" computerName="Z-WIN2003" duration="00:00:00" startTime="0001-01-01T08:00:00.0000000+08:00" endTime="0001-01-01T08:00:00.0000000+08:00" testType="13cdc9d9-ddb5-4fa4-a97d-d965ccfc6d4b" outcome="NotExecuted" testListId="8c84fa94-04c1-424b-9868-57a2d4851a1d">
    </UnitTestResult>
    <UnitTestResult executionId="d059d445-2b93-4622-9800-398f8b2e80df" testId="6d6a1b4e-19d6-8d2b-0d70-ef9b155c721c" testName="TestMethod6" computerName="Z-WIN2003" duration="00:00:00" startTime="0001-01-01T08:00:00.0000000+08:00" endTime="0001-01-01T08:00:00.0000000+08:00" testType="13cdc9d9-ddb5-4fa4-a97d-d965ccfc6d4b" outcome="NotExecuted" testListId="8c84fa94-04c1-424b-9868-57a2d4851a1d">
    </UnitTestResult>
    <UnitTestResult executionId="b2000532-0785-47ae-a80a-08ab861a1f3d" testId="717e8eeb-b167-6422-26cb-4a3f0a338336" testName="TestMethod12" computerName="Z-WIN2003" duration="00:00:00" startTime="0001-01-01T08:00:00.0000000+08:00" endTime="0001-01-01T08:00:00.0000000+08:00" testType="13cdc9d9-ddb5-4fa4-a97d-d965ccfc6d4b" outcome="NotExecuted" testListId="8c84fa94-04c1-424b-9868-57a2d4851a1d">
    </UnitTestResult>
    <UnitTestResult executionId="79f57afe-c18d-49c0-8fa9-1d50bedc3039" testId="778ac384-f4ff-6a8c-7e52-50f4693efe57" testName="TestMethod3" computerName="Z-WIN2003" duration="00:00:00" startTime="0001-01-01T08:00:00.0000000+08:00" endTime="0001-01-01T08:00:00.0000000+08:00" testType="13cdc9d9-ddb5-4fa4-a97d-d965ccfc6d4b" outcome="NotExecuted" testListId="8c84fa94-04c1-424b-9868-57a2d4851a1d">
    </UnitTestResult>
    <UnitTestResult executionId="e41e6c18-4664-4a4f-be4f-1db72290abb5" testId="8ff3bff6-18d3-150b-6eea-75450ff4f0cd" testName="TestMethod14" computerName="Z-WIN2003" duration="00:00:00" startTime="0001-01-01T08:00:00.0000000+08:00" endTime="0001-01-01T08:00:00.0000000+08:00" testType="13cdc9d9-ddb5-4fa4-a97d-d965ccfc6d4b" outcome="NotExecuted" testListId="8c84fa94-04c1-424b-9868-57a2d4851a1d">
    </UnitTestResult>
    <UnitTestResult executionId="e47dc327-ce17-4794-a70a-bfce79ec29d7" testId="90b3b085-fa31-591a-a607-7e9c973d49b1" testName="TestMethod10" computerName="Z-WIN2003" duration="00:00:00" startTime="0001-01-01T08:00:00.0000000+08:00" endTime="0001-01-01T08:00:00.0000000+08:00" testType="13cdc9d9-ddb5-4fa4-a97d-d965ccfc6d4b" outcome="NotExecuted" testListId="8c84fa94-04c1-424b-9868-57a2d4851a1d">
    </UnitTestResult>
    <UnitTestResult executionId="a7ad13d0-cc5c-4e7b-b4a5-930f9469cb16" testId="9381223e-8095-9777-a0c7-26043045171c" testName="TestMethod2" computerName="Z-WIN2003" duration="00:00:00" startTime="0001-01-01T08:00:00.0000000+08:00" endTime="0001-01-01T08:00:00.0000000+08:00" testType="13cdc9d9-ddb5-4fa4-a97d-d965ccfc6d4b" outcome="NotExecuted" testListId="8c84fa94-04c1-424b-9868-57a2d4851a1d">
    </UnitTestResult>
    <UnitTestResult executionId="5b65a273-1046-4db1-a902-4b6cefd4b66f" testId="9df1d9aa-a8c0-dfd7-97f4-25855e430801" testName="TestMethod4" computerName="Z-WIN2003" duration="00:00:00" startTime="0001-01-01T08:00:00.0000000+08:00" endTime="0001-01-01T08:00:00.0000000+08:00" testType="13cdc9d9-ddb5-4fa4-a97d-d965ccfc6d4b" outcome="NotExecuted" testListId="8c84fa94-04c1-424b-9868-57a2d4851a1d">
    </UnitTestResult>
    <UnitTestResult executionId="58c1305f-a3a3-4b89-8014-0fda1273eaab" testId="ad3b6974-4865-3053-e108-d66f083a661a" testName="TestMethod18" computerName="Z-WIN2003" duration="00:00:00" startTime="0001-01-01T08:00:00.0000000+08:00" endTime="0001-01-01T08:00:00.0000000+08:00" testType="13cdc9d9-ddb5-4fa4-a97d-d965ccfc6d4b" outcome="NotExecuted" testListId="8c84fa94-04c1-424b-9868-57a2d4851a1d">
    </UnitTestResult>
    <UnitTestResult executionId="e4309c7a-c4a0-4951-a5af-0d33e1fbd447" testId="d5dd5eea-9dec-89a8-6475-86b2bdfee2dc" testName="TestMethod7" computerName="Z-WIN2003" duration="00:00:00" startTime="0001-01-01T08:00:00.0000000+08:00" endTime="0001-01-01T08:00:00.0000000+08:00" testType="13cdc9d9-ddb5-4fa4-a97d-d965ccfc6d4b" outcome="NotExecuted" testListId="8c84fa94-04c1-424b-9868-57a2d4851a1d">
    </UnitTestResult>
    <UnitTestResult executionId="a582bccb-61cd-4417-8a5d-3c9cb173fd5e" testId="f6c39598-07a6-c0a1-e8e8-1d1304f94913" testName="TestMethod17" computerName="Z-WIN2003" duration="00:00:00" startTime="0001-01-01T08:00:00.0000000+08:00" endTime="0001-01-01T08:00:00.0000000+08:00" testType="13cdc9d9-ddb5-4fa4-a97d-d965ccfc6d4b" outcome="NotExecuted" testListId="8c84fa94-04c1-424b-9868-57a2d4851a1d">
    </UnitTestResult>
    <UnitTestResult executionId="f2781f7a-8861-423d-a2e5-ec9b79e79c56" testId="ff19ab38-d0c6-9616-e803-711fb1329d28" testName="TestMethod8" computerName="Z-WIN2003" duration="00:00:00" startTime="0001-01-01T08:00:00.0000000+08:00" endTime="0001-01-01T08:00:00.0000000+08:00" testType="13cdc9d9-ddb5-4fa4-a97d-d965ccfc6d4b" outcome="NotExecuted" testListId="8c84fa94-04c1-424b-9868-57a2d4851a1d">
    </UnitTestResult>
  </Results>
</TestRun>