<?xml version="1.0" encoding="UTF-8"?>
<TestRun id="f6683760-5ee8-40a7-b1a2-47b6dd31a899" name="Administrator@Z-WIN2003 2011-10-26 20:57:28" runUser="Z-WIN2003\Administrator" xmlns="http://microsoft.com/schemas/VisualStudio/TeamTest/2006">
  <TestRunConfiguration name="Local Test Run" id="27408ed2-1c33-4594-bdfc-228ca070bc0b">
    <Description>This is a default test run configuration for a local test run.</Description>
    <Deployment runDeploymentRoot="D:\ProjectGallery\CodeSample\CSharp\TestProject1\TestResults\Administrator_Z-WIN2003 2011-10-26 20_57_28">
      <DeploymentItem filename="D:\软件测试\软件测试\操作题练习\2\testNetFunction.dll" />
    </Deployment>
    <TestTypeSpecific />
  </TestRunConfiguration>
  <ResultSummary outcome="Aborted">
    <Counters total="18" executed="5" error="0" failed="0" timeout="0" aborted="1" inconclusive="0" passedButRunAborted="4" notRunnable="0" notExecuted="13" disconnected="0" warning="0" passed="0" completed="0" inProgress="0" pending="0" />
  </ResultSummary>
  <Times creation="2011-10-26T20:57:28.7031250+08:00" queuing="2011-10-26T20:57:29.7812500+08:00" start="2011-10-26T20:57:29.9218750+08:00" finish="2011-10-26T21:03:13.4375000+08:00" />
  <TestDefinitions>
    <UnitTest name="TestMethod12" storage="d:\projectgallery\codesample\csharp\testproject1\testproject1\bin\debug\testproject1.dll" id="717e8eeb-b167-6422-26cb-4a3f0a338336">
      <Css projectStructure="" iteration="" />
      <Owners>
        <Owner name="" />
      </Owners>
      <TestMethod codeBase="D:\ProjectGallery\CodeSample\CSharp\TestProject1\TestProject1\bin\Debug\TestProject1.dll" adapterTypeName="Microsoft.VisualStudio.TestTools.TestTypes.Unit.UnitTestAdapter, Microsoft.VisualStudio.QualityTools.Tips.UnitTest.Adapter, Version=9.0.0.0, Culture=neutral, PublicKeyToken=b03f5f7f11d50a3a" className="TestProject1.UnitTest1, TestProject1" name="TestMethod12" />
    </UnitTest>
    <UnitTest name="TestMethod1" storage="d:\projectgallery\codesample\csharp\testproject1\testproject1\bin\debug\testproject1.dll" id="59863143-3238-122e-4d8a-637b491cc755">
      <Css projectStructure="" iteration="" />
      <Owners>
        <Owner name="" />
      </Owners>
      <TestMethod codeBase="D:\ProjectGallery\CodeSample\CSharp\TestProject1\TestProject1\bin\Debug\TestProject1.dll" adapterTypeName="Microsoft.VisualStudio.TestTools.TestTypes.Unit.UnitTestAdapter, Microsoft.VisualStudio.QualityTools.Tips.UnitTest.Adapter, Version=9.0.0.0, Culture=neutral, PublicKeyToken=b03f5f7f11d50a3a" className="TestProject1.UnitTest1, TestProject1" name="TestMethod1" />
    </UnitTest>
    <UnitTest name="TestMethod3" storage="d:\projectgallery\codesample\csharp\testproject1\testproject1\bin\debug\testproject1.dll" id="778ac384-f4ff-6a8c-7e52-50f4693efe57">
      <Css projectStructure="" iteration="" />
      <Owners>
        <Owner name="" />
      </Owners>
      <TestMethod codeBase="D:\ProjectGallery\CodeSample\CSharp\TestProject1\TestProject1\bin\Debug\TestProject1.dll" adapterTypeName="Microsoft.VisualStudio.TestTools.TestTypes.Unit.UnitTestAdapter, Microsoft.VisualStudio.QualityTools.Tips.UnitTest.Adapter, Version=9.0.0.0, Culture=neutral, PublicKeyToken=b03f5f7f11d50a3a" className="TestProject1.UnitTest1, TestProject1" name="TestMethod3" />
    </UnitTest>
    <UnitTest name="TestMethod8" storage="d:\projectgallery\codesample\csharp\testproject1\testproject1\bin\debug\testproject1.dll" id="ff19ab38-d0c6-9616-e803-711fb1329d28">
      <Css projectStructure="" iteration="" />
      <Owners>
        <Owner name="" />
      </Owners>
      <TestMethod codeBase="D:\ProjectGallery\CodeSample\CSharp\TestProject1\TestProject1\bin\Debug\TestProject1.dll" adapterTypeName="Microsoft.VisualStudio.TestTools.TestTypes.Unit.UnitTestAdapter, Microsoft.VisualStudio.QualityTools.Tips.UnitTest.Adapter, Version=9.0.0.0, Culture=neutral, PublicKeyToken=b03f5f7f11d50a3a" className="TestProject1.UnitTest1, TestProject1" name="TestMethod8" />
    </UnitTest>
    <UnitTest name="TestMethod4" storage="d:\projectgallery\codesample\csharp\testproject1\testproject1\bin\debug\testproject1.dll" id="9df1d9aa-a8c0-dfd7-97f4-25855e430801">
      <Css projectStructure="" iteration="" />
      <Owners>
        <Owner name="" />
      </Owners>
      <TestMethod codeBase="D:\ProjectGallery\CodeSample\CSharp\TestProject1\TestProject1\bin\Debug\TestProject1.dll" adapterTypeName="Microsoft.VisualStudio.TestTools.TestTypes.Unit.UnitTestAdapter, Microsoft.VisualStudio.QualityTools.Tips.UnitTest.Adapter, Version=9.0.0.0, Culture=neutral, PublicKeyToken=b03f5f7f11d50a3a" className="TestProject1.UnitTest1, TestProject1" name="TestMethod4" />
    </UnitTest>
    <UnitTest name="TestMethod6" storage="d:\projectgallery\codesample\csharp\testproject1\testproject1\bin\debug\testproject1.dll" id="6d6a1b4e-19d6-8d2b-0d70-ef9b155c721c">
      <Css projectStructure="" iteration="" />
      <Owners>
        <Owner name="" />
      </Owners>
      <TestMethod codeBase="D:\ProjectGallery\CodeSample\CSharp\TestProject1\TestProject1\bin\Debug\TestProject1.dll" adapterTypeName="Microsoft.VisualStudio.TestTools.TestTypes.Unit.UnitTestAdapter, Microsoft.VisualStudio.QualityTools.Tips.UnitTest.Adapter, Version=9.0.0.0, Culture=neutral, PublicKeyToken=b03f5f7f11d50a3a" className="TestProject1.UnitTest1, TestProject1" name="TestMethod6" />
    </UnitTest>
    <UnitTest name="TestMethod10" storage="d:\projectgallery\codesample\csharp\testproject1\testproject1\bin\debug\testproject1.dll" id="90b3b085-fa31-591a-a607-7e9c973d49b1">
      <Css projectStructure="" iteration="" />
      <Owners>
        <Owner name="" />
      </Owners>
      <TestMethod codeBase="D:\ProjectGallery\CodeSample\CSharp\TestProject1\TestProject1\bin\Debug\TestProject1.dll" adapterTypeName="Microsoft.VisualStudio.TestTools.TestTypes.Unit.UnitTestAdapter, Microsoft.VisualStudio.QualityTools.Tips.UnitTest.Adapter, Version=9.0.0.0, Culture=neutral, PublicKeyToken=b03f5f7f11d50a3a" className="TestProject1.UnitTest1, TestProject1" name="TestMethod10" />
    </UnitTest>
    <UnitTest name="TestMethod9" storage="d:\projectgallery\codesample\csharp\testproject1\testproject1\bin\debug\testproject1.dll" id="28a9b6e9-f1a2-f8cd-67e7-6f6b93621b29">
      <Css projectStructure="" iteration="" />
      <Owners>
        <Owner name="" />
      </Owners>
      <Execution id="486ba62a-8f1d-4d29-8255-e437a4317639" />
      <TestMethod codeBase="D:\ProjectGallery\CodeSample\CSharp\TestProject1\TestProject1\bin\Debug\TestProject1.dll" adapterTypeName="Microsoft.VisualStudio.TestTools.TestTypes.Unit.UnitTestAdapter, Microsoft.VisualStudio.QualityTools.Tips.UnitTest.Adapter, Version=9.0.0.0, Culture=neutral, PublicKeyToken=b03f5f7f11d50a3a" className="TestProject1.UnitTest1, TestProject1" name="TestMethod9" />
    </UnitTest>
    <UnitTest name="TestMethod2" storage="d:\projectgallery\codesample\csharp\testproject1\testproject1\bin\debug\testproject1.dll" id="9381223e-8095-9777-a0c7-26043045171c">
      <Css projectStructure="" iteration="" />
      <Owners>
        <Owner name="" />
      </Owners>
      <TestMethod codeBase="D:\ProjectGallery\CodeSample\CSharp\TestProject1\TestProject1\bin\Debug\TestProject1.dll" adapterTypeName="Microsoft.VisualStudio.TestTools.TestTypes.Unit.UnitTestAdapter, Microsoft.VisualStudio.QualityTools.Tips.UnitTest.Adapter, Version=9.0.0.0, Culture=neutral, PublicKeyToken=b03f5f7f11d50a3a" className="TestProject1.UnitTest1, TestProject1" name="TestMethod2" />
    </UnitTest>
    <UnitTest name="TestMethod7" storage="d:\projectgallery\codesample\csharp\testproject1\testproject1\bin\debug\testproject1.dll" id="d5dd5eea-9dec-89a8-6475-86b2bdfee2dc">
      <Css projectStructure="" iteration="" />
      <Owners>
        <Owner name="" />
      </Owners>
      <TestMethod codeBase="D:\ProjectGallery\CodeSample\CSharp\TestProject1\TestProject1\bin\Debug\TestProject1.dll" adapterTypeName="Microsoft.VisualStudio.TestTools.TestTypes.Unit.UnitTestAdapter, Microsoft.VisualStudio.QualityTools.Tips.UnitTest.Adapter, Version=9.0.0.0, Culture=neutral, PublicKeyToken=b03f5f7f11d50a3a" className="TestProject1.UnitTest1, TestProject1" name="TestMethod7" />
    </UnitTest>
    <UnitTest name="TestMethod5" storage="d:\projectgallery\codesample\csharp\testproject1\testproject1\bin\debug\testproject1.dll" id="632b391a-8204-20df-82d8-b36a6b1c1b67">
      <Css projectStructure="" iteration="" />
      <Owners>
        <Owner name="" />
      </Owners>
      <TestMethod codeBase="D:\ProjectGallery\CodeSample\CSharp\TestProject1\TestProject1\bin\Debug\TestProject1.dll" adapterTypeName="Microsoft.VisualStudio.TestTools.TestTypes.Unit.UnitTestAdapter, Microsoft.VisualStudio.QualityTools.Tips.UnitTest.Adapter, Version=9.0.0.0, Culture=neutral, PublicKeyToken=b03f5f7f11d50a3a" className="TestProject1.UnitTest1, TestProject1" name="TestMethod5" />
    </UnitTest>
    <UnitTest name="TestMethod13" storage="d:\projectgallery\codesample\csharp\testproject1\testproject1\bin\debug\testproject1.dll" id="144a62c6-5d25-ab95-cd28-164b7d9c3f33">
      <Css projectStructure="" iteration="" />
      <Owners>
        <Owner name="" />
      </Owners>
      <Execution id="78032618-305e-4048-aedd-4b1cf753471f" />
      <TestMethod codeBase="D:\ProjectGallery\CodeSample\CSharp\TestProject1\TestProject1\bin\Debug\TestProject1.dll" adapterTypeName="Microsoft.VisualStudio.TestTools.TestTypes.Unit.UnitTestAdapter, Microsoft.VisualStudio.QualityTools.Tips.UnitTest.Adapter, Version=9.0.0.0, Culture=neutral, PublicKeyToken=b03f5f7f11d50a3a" className="TestProject1.UnitTest1, TestProject1" name="TestMethod13" />
    </UnitTest>
    <UnitTest name="TestMethod15" storage="d:\projectgallery\codesample\csharp\testproject1\testproject1\bin\debug\testproject1.dll" id="42456c65-c0d0-2236-d91b-d5ad9dc64d77">
      <Css projectStructure="" iteration="" />
      <Owners>
        <Owner name="" />
      </Owners>
      <Execution id="1202488b-ad62-45b3-9dab-ba793f7170ed" />
      <TestMethod codeBase="D:\ProjectGallery\CodeSample\CSharp\TestProject1\TestProject1\bin\Debug\TestProject1.dll" adapterTypeName="Microsoft.VisualStudio.TestTools.TestTypes.Unit.UnitTestAdapter, Microsoft.VisualStudio.QualityTools.Tips.UnitTest.Adapter, Version=9.0.0.0, Culture=neutral, PublicKeyToken=b03f5f7f11d50a3a" className="TestProject1.UnitTest1, TestProject1" name="TestMethod15" />
    </UnitTest>
    <UnitTest name="TestMethod16" storage="d:\projectgallery\codesample\csharp\testproject1\testproject1\bin\debug\testproject1.dll" id="2271d5cb-2807-c8c9-e927-72ba58278231">
      <Css projectStructure="" iteration="" />
      <Owners>
        <Owner name="" />
      </Owners>
      <Execution id="35aab831-7b71-48f3-9ea2-015a3dfefd01" />
      <TestMethod codeBase="D:\ProjectGallery\CodeSample\CSharp\TestProject1\TestProject1\bin\Debug\TestProject1.dll" adapterTypeName="Microsoft.VisualStudio.TestTools.TestTypes.Unit.UnitTestAdapter, Microsoft.VisualStudio.QualityTools.Tips.UnitTest.Adapter, Version=9.0.0.0, Culture=neutral, PublicKeyToken=b03f5f7f11d50a3a" className="TestProject1.UnitTest1, TestProject1" name="TestMethod16" />
    </UnitTest>
    <UnitTest name="TestMethod18" storage="d:\projectgallery\codesample\csharp\testproject1\testproject1\bin\debug\testproject1.dll" id="ad3b6974-4865-3053-e108-d66f083a661a">
      <Css projectStructure="" iteration="" />
      <Owners>
        <Owner name="" />
      </Owners>
      <TestMethod codeBase="D:\ProjectGallery\CodeSample\CSharp\TestProject1\TestProject1\bin\Debug\TestProject1.dll" adapterTypeName="Microsoft.VisualStudio.TestTools.TestTypes.Unit.UnitTestAdapter, Microsoft.VisualStudio.QualityTools.Tips.UnitTest.Adapter, Version=9.0.0.0, Culture=neutral, PublicKeyToken=b03f5f7f11d50a3a" className="TestProject1.UnitTest1, TestProject1" name="TestMethod18" />
    </UnitTest>
    <UnitTest name="TestMethod17" storage="d:\projectgallery\codesample\csharp\testproject1\testproject1\bin\debug\testproject1.dll" id="f6c39598-07a6-c0a1-e8e8-1d1304f94913">
      <Css projectStructure="" iteration="" />
      <Owners>
        <Owner name="" />
      </Owners>
      <TestMethod codeBase="D:\ProjectGallery\CodeSample\CSharp\TestProject1\TestProject1\bin\Debug\TestProject1.dll" adapterTypeName="Microsoft.VisualStudio.TestTools.TestTypes.Unit.UnitTestAdapter, Microsoft.VisualStudio.QualityTools.Tips.UnitTest.Adapter, Version=9.0.0.0, Culture=neutral, PublicKeyToken=b03f5f7f11d50a3a" className="TestProject1.UnitTest1, TestProject1" name="TestMethod17" />
    </UnitTest>
    <UnitTest name="TestMethod14" storage="d:\projectgallery\codesample\csharp\testproject1\testproject1\bin\debug\testproject1.dll" id="8ff3bff6-18d3-150b-6eea-75450ff4f0cd">
      <Css projectStructure="" iteration="" />
      <Owners>
        <Owner name="" />
      </Owners>
      <TestMethod codeBase="D:\ProjectGallery\CodeSample\CSharp\TestProject1\TestProject1\bin\Debug\TestProject1.dll" adapterTypeName="Microsoft.VisualStudio.TestTools.TestTypes.Unit.UnitTestAdapter, Microsoft.VisualStudio.QualityTools.Tips.UnitTest.Adapter, Version=9.0.0.0, Culture=neutral, PublicKeyToken=b03f5f7f11d50a3a" className="TestProject1.UnitTest1, TestProject1" name="TestMethod14" />
    </UnitTest>
    <UnitTest name="TestMethod11" storage="d:\projectgallery\codesample\csharp\testproject1\testproject1\bin\debug\testproject1.dll" id="3fad3c25-07c8-4d3e-b92b-658c5a409fae">
      <Css projectStructure="" iteration="" />
      <Owners>
        <Owner name="" />
      </Owners>
      <Execution id="2b8a43c9-2807-4361-849e-e8212cd76777" />
      <TestMethod codeBase="D:\ProjectGallery\CodeSample\CSharp\TestProject1\TestProject1\bin\Debug\TestProject1.dll" adapterTypeName="Microsoft.VisualStudio.TestTools.TestTypes.Unit.UnitTestAdapter, Microsoft.VisualStudio.QualityTools.Tips.UnitTest.Adapter, Version=9.0.0.0, Culture=neutral, PublicKeyToken=b03f5f7f11d50a3a" className="TestProject1.UnitTest1, TestProject1" name="TestMethod11" />
    </UnitTest>
  </TestDefinitions>
  <TestLists>
    <TestList name="Results Not in a List" id="8c84fa94-04c1-424b-9868-57a2d4851a1d" />
    <TestList name="All Loaded Results" id="19431567-8539-422a-85d7-44ee4e166bda" />
  </TestLists>
  <TestEntries>
    <TestEntry testId="144a62c6-5d25-ab95-cd28-164b7d9c3f33" executionId="78032618-305e-4048-aedd-4b1cf753471f" testListId="8c84fa94-04c1-424b-9868-57a2d4851a1d" />
    <TestEntry testId="2271d5cb-2807-c8c9-e927-72ba58278231" executionId="35aab831-7b71-48f3-9ea2-015a3dfefd01" testListId="8c84fa94-04c1-424b-9868-57a2d4851a1d" />
    <TestEntry testId="28a9b6e9-f1a2-f8cd-67e7-6f6b93621b29" executionId="486ba62a-8f1d-4d29-8255-e437a4317639" testListId="8c84fa94-04c1-424b-9868-57a2d4851a1d" />
    <TestEntry testId="3fad3c25-07c8-4d3e-b92b-658c5a409fae" executionId="2b8a43c9-2807-4361-849e-e8212cd76777" testListId="8c84fa94-04c1-424b-9868-57a2d4851a1d" />
    <TestEntry testId="42456c65-c0d0-2236-d91b-d5ad9dc64d77" executionId="1202488b-ad62-45b3-9dab-ba793f7170ed" testListId="8c84fa94-04c1-424b-9868-57a2d4851a1d" />
    <TestEntry testId="59863143-3238-122e-4d8a-637b491cc755" executionId="d011128e-a9a4-4d8e-ac01-edc69ed3796e" testListId="8c84fa94-04c1-424b-9868-57a2d4851a1d" />
    <TestEntry testId="632b391a-8204-20df-82d8-b36a6b1c1b67" executionId="9ee912da-ca2e-4ac4-b12a-03834d676a30" testListId="8c84fa94-04c1-424b-9868-57a2d4851a1d" />
    <TestEntry testId="6d6a1b4e-19d6-8d2b-0d70-ef9b155c721c" executionId="cabf4f10-8a30-4030-a3bb-fdfe22150e0e" testListId="8c84fa94-04c1-424b-9868-57a2d4851a1d" />
    <TestEntry testId="717e8eeb-b167-6422-26cb-4a3f0a338336" executionId="2baa90a9-db58-42c3-bf35-1eb149bf65e3" testListId="8c84fa94-04c1-424b-9868-57a2d4851a1d" />
    <TestEntry testId="778ac384-f4ff-6a8c-7e52-50f4693efe57" executionId="25ead20d-11fa-47eb-b28f-f9946f17b782" testListId="8c84fa94-04c1-424b-9868-57a2d4851a1d" />
    <TestEntry testId="8ff3bff6-18d3-150b-6eea-75450ff4f0cd" executionId="3952f97d-e306-4385-a4a3-1b82bf0e022c" testListId="8c84fa94-04c1-424b-9868-57a2d4851a1d" />
    <TestEntry testId="90b3b085-fa31-591a-a607-7e9c973d49b1" executionId="f3c3913d-bbf1-4433-8641-98a02d99feaf" testListId="8c84fa94-04c1-424b-9868-57a2d4851a1d" />
    <TestEntry testId="9381223e-8095-9777-a0c7-26043045171c" executionId="6cea8ea6-9349-496d-8594-4569fb962483" testListId="8c84fa94-04c1-424b-9868-57a2d4851a1d" />
    <TestEntry testId="9df1d9aa-a8c0-dfd7-97f4-25855e430801" executionId="fceab069-9c88-4d3c-b5dc-b93c6cf1a4e9" testListId="8c84fa94-04c1-424b-9868-57a2d4851a1d" />
    <TestEntry testId="ad3b6974-4865-3053-e108-d66f083a661a" executionId="e3fa8fd4-47b5-4e2a-9231-015e47e3e676" testListId="8c84fa94-04c1-424b-9868-57a2d4851a1d" />
    <TestEntry testId="d5dd5eea-9dec-89a8-6475-86b2bdfee2dc" executionId="9b33f164-c291-4f58-844e-e6605b61a320" testListId="8c84fa94-04c1-424b-9868-57a2d4851a1d" />
    <TestEntry testId="f6c39598-07a6-c0a1-e8e8-1d1304f94913" executionId="658edae3-ff8c-4378-811e-9c5b1a33d3a8" testListId="8c84fa94-04c1-424b-9868-57a2d4851a1d" />
    <TestEntry testId="ff19ab38-d0c6-9616-e803-711fb1329d28" executionId="b32f52ef-72b6-43ad-81cc-294958219ee9" testListId="8c84fa94-04c1-424b-9868-57a2d4851a1d" />
  </TestEntries>
  <Results>
    <UnitTestResult executionId="78032618-305e-4048-aedd-4b1cf753471f" testId="144a62c6-5d25-ab95-cd28-164b7d9c3f33" testName="TestMethod13" computerName="Z-WIN2003" duration="00:00:00.0462849" startTime="2011-10-26T20:57:29.9531250+08:00" endTime="2011-10-26T20:57:31.8281250+08:00" testType="13cdc9d9-ddb5-4fa4-a97d-d965ccfc6d4b" outcome="PassedButRunAborted" testListId="8c84fa94-04c1-424b-9868-57a2d4851a1d">
      <Output>
      </Output>
    </UnitTestResult>
    <UnitTestResult executionId="35aab831-7b71-48f3-9ea2-015a3dfefd01" testId="2271d5cb-2807-c8c9-e927-72ba58278231" testName="TestMethod16" computerName="Z-WIN2003" duration="00:00:00.0006575" startTime="2011-10-26T20:57:31.8437500+08:00" endTime="2011-10-26T20:57:31.8437500+08:00" testType="13cdc9d9-ddb5-4fa4-a97d-d965ccfc6d4b" outcome="PassedButRunAborted" testListId="8c84fa94-04c1-424b-9868-57a2d4851a1d">
      <Output>
      </Output>
    </UnitTestResult>
    <UnitTestResult executionId="486ba62a-8f1d-4d29-8255-e437a4317639" testId="28a9b6e9-f1a2-f8cd-67e7-6f6b93621b29" testName="TestMethod9" computerName="Z-WIN2003" duration="00:00:00.0006037" startTime="2011-10-26T20:57:31.8593750+08:00" endTime="2011-10-26T20:57:31.8593750+08:00" testType="13cdc9d9-ddb5-4fa4-a97d-d965ccfc6d4b" outcome="PassedButRunAborted" testListId="8c84fa94-04c1-424b-9868-57a2d4851a1d">
      <Output>
      </Output>
    </UnitTestResult>
    <UnitTestResult executionId="2b8a43c9-2807-4361-849e-e8212cd76777" testId="3fad3c25-07c8-4d3e-b92b-658c5a409fae" testName="TestMethod11" computerName="Z-WIN2003" duration="00:00:00.0008929" startTime="2011-10-26T20:57:31.8593750+08:00" endTime="2011-10-26T20:57:31.8750000+08:00" testType="13cdc9d9-ddb5-4fa4-a97d-d965ccfc6d4b" outcome="PassedButRunAborted" testListId="8c84fa94-04c1-424b-9868-57a2d4851a1d">
      <Output>
      </Output>
    </UnitTestResult>
    <UnitTestResult executionId="1202488b-ad62-45b3-9dab-ba793f7170ed" testId="42456c65-c0d0-2236-d91b-d5ad9dc64d77" testName="TestMethod15" computerName="Z-WIN2003" duration="00:05:36.3906250" startTime="2011-10-26T20:57:31.8906250+08:00" endTime="2011-10-26T21:03:08.2812500+08:00" testType="13cdc9d9-ddb5-4fa4-a97d-d965ccfc6d4b" outcome="Aborted" testListId="8c84fa94-04c1-424b-9868-57a2d4851a1d">
      <Output>
        <ErrorInfo>
          <Message>User aborted test run.</Message>
        </ErrorInfo>
      </Output>
    </UnitTestResult>
    <UnitTestResult executionId="d011128e-a9a4-4d8e-ac01-edc69ed3796e" testId="59863143-3238-122e-4d8a-637b491cc755" testName="TestMethod1" computerName="Z-WIN2003" duration="00:00:00" startTime="0001-01-01T08:00:00.0000000+08:00" endTime="0001-01-01T08:00:00.0000000+08:00" testType="13cdc9d9-ddb5-4fa4-a97d-d965ccfc6d4b" outcome="NotExecuted" testListId="8c84fa94-04c1-424b-9868-57a2d4851a1d">
    </UnitTestResult>
    <UnitTestResult executionId="9ee912da-ca2e-4ac4-b12a-03834d676a30" testId="632b391a-8204-20df-82d8-b36a6b1c1b67" testName="TestMethod5" computerName="Z-WIN2003" duration="00:00:00" startTime="0001-01-01T08:00:00.0000000+08:00" endTime="0001-01-01T08:00:00.0000000+08:00" testType="13cdc9d9-ddb5-4fa4-a97d-d965ccfc6d4b" outcome="NotExecuted" testListId="8c84fa94-04c1-424b-9868-57a2d4851a1d">
    </UnitTestResult>
    <UnitTestResult executionId="cabf4f10-8a30-4030-a3bb-fdfe22150e0e" testId="6d6a1b4e-19d6-8d2b-0d70-ef9b155c721c" testName="TestMethod6" computerName="Z-WIN2003" duration="00:00:00" startTime="0001-01-01T08:00:00.0000000+08:00" endTime="0001-01-01T08:00:00.0000000+08:00" testType="13cdc9d9-ddb5-4fa4-a97d-d965ccfc6d4b" outcome="NotExecuted" testListId="8c84fa94-04c1-424b-9868-57a2d4851a1d">
    </UnitTestResult>
    <UnitTestResult executionId="2baa90a9-db58-42c3-bf35-1eb149bf65e3" testId="717e8eeb-b167-6422-26cb-4a3f0a338336" testName="TestMethod12" computerName="Z-WIN2003" duration="00:00:00" startTime="0001-01-01T08:00:00.0000000+08:00" endTime="0001-01-01T08:00:00.0000000+08:00" testType="13cdc9d9-ddb5-4fa4-a97d-d965ccfc6d4b" outcome="NotExecuted" testListId="8c84fa94-04c1-424b-9868-57a2d4851a1d">
    </UnitTestResult>
    <UnitTestResult executionId="25ead20d-11fa-47eb-b28f-f9946f17b782" testId="778ac384-f4ff-6a8c-7e52-50f4693efe57" testName="TestMethod3" computerName="Z-WIN2003" duration="00:00:00" startTime="0001-01-01T08:00:00.0000000+08:00" endTime="0001-01-01T08:00:00.0000000+08:00" testType="13cdc9d9-ddb5-4fa4-a97d-d965ccfc6d4b" outcome="NotExecuted" testListId="8c84fa94-04c1-424b-9868-57a2d4851a1d">
    </UnitTestResult>
    <UnitTestResult executionId="3952f97d-e306-4385-a4a3-1b82bf0e022c" testId="8ff3bff6-18d3-150b-6eea-75450ff4f0cd" testName="TestMethod14" computerName="Z-WIN2003" duration="00:00:00" startTime="0001-01-01T08:00:00.0000000+08:00" endTime="0001-01-01T08:00:00.0000000+08:00" testType="13cdc9d9-ddb5-4fa4-a97d-d965ccfc6d4b" outcome="NotExecuted" testListId="8c84fa94-04c1-424b-9868-57a2d4851a1d">
    </UnitTestResult>
    <UnitTestResult executionId="f3c3913d-bbf1-4433-8641-98a02d99feaf" testId="90b3b085-fa31-591a-a607-7e9c973d49b1" testName="TestMethod10" computerName="Z-WIN2003" duration="00:00:00" startTime="0001-01-01T08:00:00.0000000+08:00" endTime="0001-01-01T08:00:00.0000000+08:00" testType="13cdc9d9-ddb5-4fa4-a97d-d965ccfc6d4b" outcome="NotExecuted" testListId="8c84fa94-04c1-424b-9868-57a2d4851a1d">
    </UnitTestResult>
    <UnitTestResult executionId="6cea8ea6-9349-496d-8594-4569fb962483" testId="9381223e-8095-9777-a0c7-26043045171c" testName="TestMethod2" computerName="Z-WIN2003" duration="00:00:00" startTime="0001-01-01T08:00:00.0000000+08:00" endTime="0001-01-01T08:00:00.0000000+08:00" testType="13cdc9d9-ddb5-4fa4-a97d-d965ccfc6d4b" outcome="NotExecuted" testListId="8c84fa94-04c1-424b-9868-57a2d4851a1d">
    </UnitTestResult>
    <UnitTestResult executionId="fceab069-9c88-4d3c-b5dc-b93c6cf1a4e9" testId="9df1d9aa-a8c0-dfd7-97f4-25855e430801" testName="TestMethod4" computerName="Z-WIN2003" duration="00:00:00" startTime="0001-01-01T08:00:00.0000000+08:00" endTime="0001-01-01T08:00:00.0000000+08:00" testType="13cdc9d9-ddb5-4fa4-a97d-d965ccfc6d4b" outcome="NotExecuted" testListId="8c84fa94-04c1-424b-9868-57a2d4851a1d">
    </UnitTestResult>
    <UnitTestResult executionId="e3fa8fd4-47b5-4e2a-9231-015e47e3e676" testId="ad3b6974-4865-3053-e108-d66f083a661a" testName="TestMethod18" computerName="Z-WIN2003" duration="00:00:00" startTime="0001-01-01T08:00:00.0000000+08:00" endTime="0001-01-01T08:00:00.0000000+08:00" testType="13cdc9d9-ddb5-4fa4-a97d-d965ccfc6d4b" outcome="NotExecuted" testListId="8c84fa94-04c1-424b-9868-57a2d4851a1d">
    </UnitTestResult>
    <UnitTestResult executionId="9b33f164-c291-4f58-844e-e6605b61a320" testId="d5dd5eea-9dec-89a8-6475-86b2bdfee2dc" testName="TestMethod7" computerName="Z-WIN2003" duration="00:00:00" startTime="0001-01-01T08:00:00.0000000+08:00" endTime="0001-01-01T08:00:00.0000000+08:00" testType="13cdc9d9-ddb5-4fa4-a97d-d965ccfc6d4b" outcome="NotExecuted" testListId="8c84fa94-04c1-424b-9868-57a2d4851a1d">
    </UnitTestResult>
    <UnitTestResult executionId="658edae3-ff8c-4378-811e-9c5b1a33d3a8" testId="f6c39598-07a6-c0a1-e8e8-1d1304f94913" testName="TestMethod17" computerName="Z-WIN2003" duration="00:00:00" startTime="0001-01-01T08:00:00.0000000+08:00" endTime="0001-01-01T08:00:00.0000000+08:00" testType="13cdc9d9-ddb5-4fa4-a97d-d965ccfc6d4b" outcome="NotExecuted" testListId="8c84fa94-04c1-424b-9868-57a2d4851a1d">
    </UnitTestResult>
    <UnitTestResult executionId="b32f52ef-72b6-43ad-81cc-294958219ee9" testId="ff19ab38-d0c6-9616-e803-711fb1329d28" testName="TestMethod8" computerName="Z-WIN2003" duration="00:00:00" startTime="0001-01-01T08:00:00.0000000+08:00" endTime="0001-01-01T08:00:00.0000000+08:00" testType="13cdc9d9-ddb5-4fa4-a97d-d965ccfc6d4b" outcome="NotExecuted" testListId="8c84fa94-04c1-424b-9868-57a2d4851a1d">
    </UnitTestResult>
  </Results>
</TestRun>