<?xml version="1.0" encoding="UTF-8"?>
<TestRun id="45c428d1-ef04-42d7-b48a-8658e54f2d97" name="Administrator@Z-WIN2003 2011-10-26 21:04:45" runUser="Z-WIN2003\Administrator" xmlns="http://microsoft.com/schemas/VisualStudio/TeamTest/2006">
  <TestRunConfiguration name="Local Test Run" id="27408ed2-1c33-4594-bdfc-228ca070bc0b">
    <Description>This is a default test run configuration for a local test run.</Description>
    <Deployment runDeploymentRoot="D:\ProjectGallery\CodeSample\CSharp\TestProject1\TestResults\Administrator_Z-WIN2003 2011-10-26 21_04_45">
      <DeploymentItem filename="D:\软件测试\软件测试\操作题练习\2\testNetFunction.dll" />
    </Deployment>
    <TestTypeSpecific />
  </TestRunConfiguration>
  <ResultSummary outcome="Failed">
    <Counters total="18" executed="17" error="0" failed="5" timeout="0" aborted="1" inconclusive="0" passedButRunAborted="11" notRunnable="0" notExecuted="1" disconnected="0" warning="0" passed="0" completed="0" inProgress="0" pending="0" />
  </ResultSummary>
  <Times creation="2011-10-26T21:04:45.7812500+08:00" queuing="2011-10-26T21:04:46.8906250+08:00" start="2011-10-26T21:04:47.0312500+08:00" finish="2011-10-26T21:06:01.2343750+08:00" />
  <TestDefinitions>
    <UnitTest name="TestMethod12" storage="d:\projectgallery\codesample\csharp\testproject1\testproject1\bin\debug\testproject1.dll" id="717e8eeb-b167-6422-26cb-4a3f0a338336">
      <Css projectStructure="" iteration="" />
      <Owners>
        <Owner name="" />
      </Owners>
      <Execution id="6567c709-a683-47eb-ad5a-2701a9d22f16" />
      <TestMethod codeBase="D:\ProjectGallery\CodeSample\CSharp\TestProject1\TestProject1\bin\Debug\TestProject1.dll" adapterTypeName="Microsoft.VisualStudio.TestTools.TestTypes.Unit.UnitTestAdapter, Microsoft.VisualStudio.QualityTools.Tips.UnitTest.Adapter, Version=9.0.0.0, Culture=neutral, PublicKeyToken=b03f5f7f11d50a3a" className="TestProject1.UnitTest1, TestProject1" name="TestMethod12" />
    </UnitTest>
    <UnitTest name="TestMethod1" storage="d:\projectgallery\codesample\csharp\testproject1\testproject1\bin\debug\testproject1.dll" id="59863143-3238-122e-4d8a-637b491cc755">
      <Css projectStructure="" iteration="" />
      <Owners>
        <Owner name="" />
      </Owners>
      <Execution id="0f5f2246-95c2-4120-9f60-e4ef5f1a8c91" />
      <TestMethod codeBase="D:\ProjectGallery\CodeSample\CSharp\TestProject1\TestProject1\bin\Debug\TestProject1.dll" adapterTypeName="Microsoft.VisualStudio.TestTools.TestTypes.Unit.UnitTestAdapter, Microsoft.VisualStudio.QualityTools.Tips.UnitTest.Adapter, Version=9.0.0.0, Culture=neutral, PublicKeyToken=b03f5f7f11d50a3a" className="TestProject1.UnitTest1, TestProject1" name="TestMethod1" />
    </UnitTest>
    <UnitTest name="TestMethod3" storage="d:\projectgallery\codesample\csharp\testproject1\testproject1\bin\debug\testproject1.dll" id="778ac384-f4ff-6a8c-7e52-50f4693efe57">
      <Css projectStructure="" iteration="" />
      <Owners>
        <Owner name="" />
      </Owners>
      <Execution id="8be749d5-27a5-418c-aa12-e865bca61812" />
      <TestMethod codeBase="D:\ProjectGallery\CodeSample\CSharp\TestProject1\TestProject1\bin\Debug\TestProject1.dll" adapterTypeName="Microsoft.VisualStudio.TestTools.TestTypes.Unit.UnitTestAdapter, Microsoft.VisualStudio.QualityTools.Tips.UnitTest.Adapter, Version=9.0.0.0, Culture=neutral, PublicKeyToken=b03f5f7f11d50a3a" className="TestProject1.UnitTest1, TestProject1" name="TestMethod3" />
    </UnitTest>
    <UnitTest name="TestMethod8" storage="d:\projectgallery\codesample\csharp\testproject1\testproject1\bin\debug\testproject1.dll" id="ff19ab38-d0c6-9616-e803-711fb1329d28">
      <Css projectStructure="" iteration="" />
      <Owners>
        <Owner name="" />
      </Owners>
      <TestMethod codeBase="D:\ProjectGallery\CodeSample\CSharp\TestProject1\TestProject1\bin\Debug\TestProject1.dll" adapterTypeName="Microsoft.VisualStudio.TestTools.TestTypes.Unit.UnitTestAdapter, Microsoft.VisualStudio.QualityTools.Tips.UnitTest.Adapter, Version=9.0.0.0, Culture=neutral, PublicKeyToken=b03f5f7f11d50a3a" className="TestProject1.UnitTest1, TestProject1" name="TestMethod8" />
    </UnitTest>
    <UnitTest name="TestMethod4" storage="d:\projectgallery\codesample\csharp\testproject1\testproject1\bin\debug\testproject1.dll" id="9df1d9aa-a8c0-dfd7-97f4-25855e430801">
      <Css projectStructure="" iteration="" />
      <Owners>
        <Owner name="" />
      </Owners>
      <Execution id="02710f95-3fcc-491a-879f-1ad8cb554942" />
      <TestMethod codeBase="D:\ProjectGallery\CodeSample\CSharp\TestProject1\TestProject1\bin\Debug\TestProject1.dll" adapterTypeName="Microsoft.VisualStudio.TestTools.TestTypes.Unit.UnitTestAdapter, Microsoft.VisualStudio.QualityTools.Tips.UnitTest.Adapter, Version=9.0.0.0, Culture=neutral, PublicKeyToken=b03f5f7f11d50a3a" className="TestProject1.UnitTest1, TestProject1" name="TestMethod4" />
    </UnitTest>
    <UnitTest name="TestMethod6" storage="d:\projectgallery\codesample\csharp\testproject1\testproject1\bin\debug\testproject1.dll" id="6d6a1b4e-19d6-8d2b-0d70-ef9b155c721c">
      <Css projectStructure="" iteration="" />
      <Owners>
        <Owner name="" />
      </Owners>
      <Execution id="074d690d-f18d-4da0-8a55-b2c5ad2500e4" />
      <TestMethod codeBase="D:\ProjectGallery\CodeSample\CSharp\TestProject1\TestProject1\bin\Debug\TestProject1.dll" adapterTypeName="Microsoft.VisualStudio.TestTools.TestTypes.Unit.UnitTestAdapter, Microsoft.VisualStudio.QualityTools.Tips.UnitTest.Adapter, Version=9.0.0.0, Culture=neutral, PublicKeyToken=b03f5f7f11d50a3a" className="TestProject1.UnitTest1, TestProject1" name="TestMethod6" />
    </UnitTest>
    <UnitTest name="TestMethod10" storage="d:\projectgallery\codesample\csharp\testproject1\testproject1\bin\debug\testproject1.dll" id="90b3b085-fa31-591a-a607-7e9c973d49b1">
      <Css projectStructure="" iteration="" />
      <Owners>
        <Owner name="" />
      </Owners>
      <Execution id="d3586e0f-badd-4071-890f-631a23ea3cc5" />
      <TestMethod codeBase="D:\ProjectGallery\CodeSample\CSharp\TestProject1\TestProject1\bin\Debug\TestProject1.dll" adapterTypeName="Microsoft.VisualStudio.TestTools.TestTypes.Unit.UnitTestAdapter, Microsoft.VisualStudio.QualityTools.Tips.UnitTest.Adapter, Version=9.0.0.0, Culture=neutral, PublicKeyToken=b03f5f7f11d50a3a" className="TestProject1.UnitTest1, TestProject1" name="TestMethod10" />
    </UnitTest>
    <UnitTest name="TestMethod9" storage="d:\projectgallery\codesample\csharp\testproject1\testproject1\bin\debug\testproject1.dll" id="28a9b6e9-f1a2-f8cd-67e7-6f6b93621b29">
      <Css projectStructure="" iteration="" />
      <Owners>
        <Owner name="" />
      </Owners>
      <Execution id="368d55bd-0333-4a00-aa7a-fdb9d887f565" />
      <TestMethod codeBase="D:\ProjectGallery\CodeSample\CSharp\TestProject1\TestProject1\bin\Debug\TestProject1.dll" adapterTypeName="Microsoft.VisualStudio.TestTools.TestTypes.Unit.UnitTestAdapter, Microsoft.VisualStudio.QualityTools.Tips.UnitTest.Adapter, Version=9.0.0.0, Culture=neutral, PublicKeyToken=b03f5f7f11d50a3a" className="TestProject1.UnitTest1, TestProject1" name="TestMethod9" />
    </UnitTest>
    <UnitTest name="TestMethod2" storage="d:\projectgallery\codesample\csharp\testproject1\testproject1\bin\debug\testproject1.dll" id="9381223e-8095-9777-a0c7-26043045171c">
      <Css projectStructure="" iteration="" />
      <Owners>
        <Owner name="" />
      </Owners>
      <Execution id="ee818106-2bfa-434a-8b3d-ac2900d2caf4" />
      <TestMethod codeBase="D:\ProjectGallery\CodeSample\CSharp\TestProject1\TestProject1\bin\Debug\TestProject1.dll" adapterTypeName="Microsoft.VisualStudio.TestTools.TestTypes.Unit.UnitTestAdapter, Microsoft.VisualStudio.QualityTools.Tips.UnitTest.Adapter, Version=9.0.0.0, Culture=neutral, PublicKeyToken=b03f5f7f11d50a3a" className="TestProject1.UnitTest1, TestProject1" name="TestMethod2" />
    </UnitTest>
    <UnitTest name="TestMethod7" storage="d:\projectgallery\codesample\csharp\testproject1\testproject1\bin\debug\testproject1.dll" id="d5dd5eea-9dec-89a8-6475-86b2bdfee2dc">
      <Css projectStructure="" iteration="" />
      <Owners>
        <Owner name="" />
      </Owners>
      <Execution id="3e80359b-db20-4415-89cf-efbf966298fa" />
      <TestMethod codeBase="D:\ProjectGallery\CodeSample\CSharp\TestProject1\TestProject1\bin\Debug\TestProject1.dll" adapterTypeName="Microsoft.VisualStudio.TestTools.TestTypes.Unit.UnitTestAdapter, Microsoft.VisualStudio.QualityTools.Tips.UnitTest.Adapter, Version=9.0.0.0, Culture=neutral, PublicKeyToken=b03f5f7f11d50a3a" className="TestProject1.UnitTest1, TestProject1" name="TestMethod7" />
    </UnitTest>
    <UnitTest name="TestMethod5" storage="d:\projectgallery\codesample\csharp\testproject1\testproject1\bin\debug\testproject1.dll" id="632b391a-8204-20df-82d8-b36a6b1c1b67">
      <Css projectStructure="" iteration="" />
      <Owners>
        <Owner name="" />
      </Owners>
      <Execution id="c11599a2-67bb-4467-b54f-51c64c3c3662" />
      <TestMethod codeBase="D:\ProjectGallery\CodeSample\CSharp\TestProject1\TestProject1\bin\Debug\TestProject1.dll" adapterTypeName="Microsoft.VisualStudio.TestTools.TestTypes.Unit.UnitTestAdapter, Microsoft.VisualStudio.QualityTools.Tips.UnitTest.Adapter, Version=9.0.0.0, Culture=neutral, PublicKeyToken=b03f5f7f11d50a3a" className="TestProject1.UnitTest1, TestProject1" name="TestMethod5" />
    </UnitTest>
    <UnitTest name="TestMethod13" storage="d:\projectgallery\codesample\csharp\testproject1\testproject1\bin\debug\testproject1.dll" id="144a62c6-5d25-ab95-cd28-164b7d9c3f33">
      <Css projectStructure="" iteration="" />
      <Owners>
        <Owner name="" />
      </Owners>
      <Execution id="bafe0c91-dd1e-4e1f-9764-8011a3675636" />
      <TestMethod codeBase="D:\ProjectGallery\CodeSample\CSharp\TestProject1\TestProject1\bin\Debug\TestProject1.dll" adapterTypeName="Microsoft.VisualStudio.TestTools.TestTypes.Unit.UnitTestAdapter, Microsoft.VisualStudio.QualityTools.Tips.UnitTest.Adapter, Version=9.0.0.0, Culture=neutral, PublicKeyToken=b03f5f7f11d50a3a" className="TestProject1.UnitTest1, TestProject1" name="TestMethod13" />
    </UnitTest>
    <UnitTest name="TestMethod15" storage="d:\projectgallery\codesample\csharp\testproject1\testproject1\bin\debug\testproject1.dll" id="42456c65-c0d0-2236-d91b-d5ad9dc64d77">
      <Css projectStructure="" iteration="" />
      <Owners>
        <Owner name="" />
      </Owners>
      <Execution id="c4ce0e34-e8ae-43a6-ac1d-8121ad9eead0" />
      <TestMethod codeBase="D:\ProjectGallery\CodeSample\CSharp\TestProject1\TestProject1\bin\Debug\TestProject1.dll" adapterTypeName="Microsoft.VisualStudio.TestTools.TestTypes.Unit.UnitTestAdapter, Microsoft.VisualStudio.QualityTools.Tips.UnitTest.Adapter, Version=9.0.0.0, Culture=neutral, PublicKeyToken=b03f5f7f11d50a3a" className="TestProject1.UnitTest1, TestProject1" name="TestMethod15" />
    </UnitTest>
    <UnitTest name="TestMethod16" storage="d:\projectgallery\codesample\csharp\testproject1\testproject1\bin\debug\testproject1.dll" id="2271d5cb-2807-c8c9-e927-72ba58278231">
      <Css projectStructure="" iteration="" />
      <Owners>
        <Owner name="" />
      </Owners>
      <Execution id="62b96919-b14a-4104-a480-3fc084ac0035" />
      <TestMethod codeBase="D:\ProjectGallery\CodeSample\CSharp\TestProject1\TestProject1\bin\Debug\TestProject1.dll" adapterTypeName="Microsoft.VisualStudio.TestTools.TestTypes.Unit.UnitTestAdapter, Microsoft.VisualStudio.QualityTools.Tips.UnitTest.Adapter, Version=9.0.0.0, Culture=neutral, PublicKeyToken=b03f5f7f11d50a3a" className="TestProject1.UnitTest1, TestProject1" name="TestMethod16" />
    </UnitTest>
    <UnitTest name="TestMethod18" storage="d:\projectgallery\codesample\csharp\testproject1\testproject1\bin\debug\testproject1.dll" id="ad3b6974-4865-3053-e108-d66f083a661a">
      <Css projectStructure="" iteration="" />
      <Owners>
        <Owner name="" />
      </Owners>
      <Execution id="61bfc91e-ac78-4eca-9b74-e4444bf5ac49" />
      <TestMethod codeBase="D:\ProjectGallery\CodeSample\CSharp\TestProject1\TestProject1\bin\Debug\TestProject1.dll" adapterTypeName="Microsoft.VisualStudio.TestTools.TestTypes.Unit.UnitTestAdapter, Microsoft.VisualStudio.QualityTools.Tips.UnitTest.Adapter, Version=9.0.0.0, Culture=neutral, PublicKeyToken=b03f5f7f11d50a3a" className="TestProject1.UnitTest1, TestProject1" name="TestMethod18" />
    </UnitTest>
    <UnitTest name="TestMethod17" storage="d:\projectgallery\codesample\csharp\testproject1\testproject1\bin\debug\testproject1.dll" id="f6c39598-07a6-c0a1-e8e8-1d1304f94913">
      <Css projectStructure="" iteration="" />
      <Owners>
        <Owner name="" />
      </Owners>
      <Execution id="fb796b5e-5371-4b2e-8bc1-426eeb8efaf0" />
      <TestMethod codeBase="D:\ProjectGallery\CodeSample\CSharp\TestProject1\TestProject1\bin\Debug\TestProject1.dll" adapterTypeName="Microsoft.VisualStudio.TestTools.TestTypes.Unit.UnitTestAdapter, Microsoft.VisualStudio.QualityTools.Tips.UnitTest.Adapter, Version=9.0.0.0, Culture=neutral, PublicKeyToken=b03f5f7f11d50a3a" className="TestProject1.UnitTest1, TestProject1" name="TestMethod17" />
    </UnitTest>
    <UnitTest name="TestMethod14" storage="d:\projectgallery\codesample\csharp\testproject1\testproject1\bin\debug\testproject1.dll" id="8ff3bff6-18d3-150b-6eea-75450ff4f0cd">
      <Css projectStructure="" iteration="" />
      <Owners>
        <Owner name="" />
      </Owners>
      <Execution id="ca75bfce-c65f-4830-ac8c-1e319a156716" />
      <TestMethod codeBase="D:\ProjectGallery\CodeSample\CSharp\TestProject1\TestProject1\bin\Debug\TestProject1.dll" adapterTypeName="Microsoft.VisualStudio.TestTools.TestTypes.Unit.UnitTestAdapter, Microsoft.VisualStudio.QualityTools.Tips.UnitTest.Adapter, Version=9.0.0.0, Culture=neutral, PublicKeyToken=b03f5f7f11d50a3a" className="TestProject1.UnitTest1, TestProject1" name="TestMethod14" />
    </UnitTest>
    <UnitTest name="TestMethod11" storage="d:\projectgallery\codesample\csharp\testproject1\testproject1\bin\debug\testproject1.dll" id="3fad3c25-07c8-4d3e-b92b-658c5a409fae">
      <Css projectStructure="" iteration="" />
      <Owners>
        <Owner name="" />
      </Owners>
      <Execution id="6a180ea8-4cd9-4ade-90bd-6b3023ffcc85" />
      <TestMethod codeBase="D:\ProjectGallery\CodeSample\CSharp\TestProject1\TestProject1\bin\Debug\TestProject1.dll" adapterTypeName="Microsoft.VisualStudio.TestTools.TestTypes.Unit.UnitTestAdapter, Microsoft.VisualStudio.QualityTools.Tips.UnitTest.Adapter, Version=9.0.0.0, Culture=neutral, PublicKeyToken=b03f5f7f11d50a3a" className="TestProject1.UnitTest1, TestProject1" name="TestMethod11" />
    </UnitTest>
  </TestDefinitions>
  <TestLists>
    <TestList name="Results Not in a List" id="8c84fa94-04c1-424b-9868-57a2d4851a1d" />
    <TestList name="All Loaded Results" id="19431567-8539-422a-85d7-44ee4e166bda" />
  </TestLists>
  <TestEntries>
    <TestEntry testId="144a62c6-5d25-ab95-cd28-164b7d9c3f33" executionId="bafe0c91-dd1e-4e1f-9764-8011a3675636" testListId="8c84fa94-04c1-424b-9868-57a2d4851a1d" />
    <TestEntry testId="2271d5cb-2807-c8c9-e927-72ba58278231" executionId="62b96919-b14a-4104-a480-3fc084ac0035" testListId="8c84fa94-04c1-424b-9868-57a2d4851a1d" />
    <TestEntry testId="28a9b6e9-f1a2-f8cd-67e7-6f6b93621b29" executionId="368d55bd-0333-4a00-aa7a-fdb9d887f565" testListId="8c84fa94-04c1-424b-9868-57a2d4851a1d" />
    <TestEntry testId="3fad3c25-07c8-4d3e-b92b-658c5a409fae" executionId="6a180ea8-4cd9-4ade-90bd-6b3023ffcc85" testListId="8c84fa94-04c1-424b-9868-57a2d4851a1d" />
    <TestEntry testId="42456c65-c0d0-2236-d91b-d5ad9dc64d77" executionId="c4ce0e34-e8ae-43a6-ac1d-8121ad9eead0" testListId="8c84fa94-04c1-424b-9868-57a2d4851a1d" />
    <TestEntry testId="59863143-3238-122e-4d8a-637b491cc755" executionId="0f5f2246-95c2-4120-9f60-e4ef5f1a8c91" testListId="8c84fa94-04c1-424b-9868-57a2d4851a1d" />
    <TestEntry testId="632b391a-8204-20df-82d8-b36a6b1c1b67" executionId="c11599a2-67bb-4467-b54f-51c64c3c3662" testListId="8c84fa94-04c1-424b-9868-57a2d4851a1d" />
    <TestEntry testId="6d6a1b4e-19d6-8d2b-0d70-ef9b155c721c" executionId="074d690d-f18d-4da0-8a55-b2c5ad2500e4" testListId="8c84fa94-04c1-424b-9868-57a2d4851a1d" />
    <TestEntry testId="717e8eeb-b167-6422-26cb-4a3f0a338336" executionId="6567c709-a683-47eb-ad5a-2701a9d22f16" testListId="8c84fa94-04c1-424b-9868-57a2d4851a1d" />
    <TestEntry testId="778ac384-f4ff-6a8c-7e52-50f4693efe57" executionId="8be749d5-27a5-418c-aa12-e865bca61812" testListId="8c84fa94-04c1-424b-9868-57a2d4851a1d" />
    <TestEntry testId="8ff3bff6-18d3-150b-6eea-75450ff4f0cd" executionId="ca75bfce-c65f-4830-ac8c-1e319a156716" testListId="8c84fa94-04c1-424b-9868-57a2d4851a1d" />
    <TestEntry testId="90b3b085-fa31-591a-a607-7e9c973d49b1" executionId="d3586e0f-badd-4071-890f-631a23ea3cc5" testListId="8c84fa94-04c1-424b-9868-57a2d4851a1d" />
    <TestEntry testId="9381223e-8095-9777-a0c7-26043045171c" executionId="ee818106-2bfa-434a-8b3d-ac2900d2caf4" testListId="8c84fa94-04c1-424b-9868-57a2d4851a1d" />
    <TestEntry testId="9df1d9aa-a8c0-dfd7-97f4-25855e430801" executionId="02710f95-3fcc-491a-879f-1ad8cb554942" testListId="8c84fa94-04c1-424b-9868-57a2d4851a1d" />
    <TestEntry testId="ad3b6974-4865-3053-e108-d66f083a661a" executionId="61bfc91e-ac78-4eca-9b74-e4444bf5ac49" testListId="8c84fa94-04c1-424b-9868-57a2d4851a1d" />
    <TestEntry testId="d5dd5eea-9dec-89a8-6475-86b2bdfee2dc" executionId="3e80359b-db20-4415-89cf-efbf966298fa" testListId="8c84fa94-04c1-424b-9868-57a2d4851a1d" />
    <TestEntry testId="f6c39598-07a6-c0a1-e8e8-1d1304f94913" executionId="fb796b5e-5371-4b2e-8bc1-426eeb8efaf0" testListId="8c84fa94-04c1-424b-9868-57a2d4851a1d" />
    <TestEntry testId="ff19ab38-d0c6-9616-e803-711fb1329d28" executionId="0a47839e-05ca-471c-847b-e9ff13353bdf" testListId="8c84fa94-04c1-424b-9868-57a2d4851a1d" />
  </TestEntries>
  <Results>
    <UnitTestResult executionId="bafe0c91-dd1e-4e1f-9764-8011a3675636" testId="144a62c6-5d25-ab95-cd28-164b7d9c3f33" testName="TestMethod13" computerName="Z-WIN2003" duration="00:00:00.0276781" startTime="2011-10-26T21:04:47.0468750+08:00" endTime="2011-10-26T21:04:49.0000000+08:00" testType="13cdc9d9-ddb5-4fa4-a97d-d965ccfc6d4b" outcome="PassedButRunAborted" testListId="8c84fa94-04c1-424b-9868-57a2d4851a1d">
      <Output>
      </Output>
    </UnitTestResult>
    <UnitTestResult executionId="62b96919-b14a-4104-a480-3fc084ac0035" testId="2271d5cb-2807-c8c9-e927-72ba58278231" testName="TestMethod16" computerName="Z-WIN2003" duration="00:00:00.0007147" startTime="2011-10-26T21:04:49.0156250+08:00" endTime="2011-10-26T21:04:49.0156250+08:00" testType="13cdc9d9-ddb5-4fa4-a97d-d965ccfc6d4b" outcome="PassedButRunAborted" testListId="8c84fa94-04c1-424b-9868-57a2d4851a1d">
      <Output>
      </Output>
    </UnitTestResult>
    <UnitTestResult executionId="368d55bd-0333-4a00-aa7a-fdb9d887f565" testId="28a9b6e9-f1a2-f8cd-67e7-6f6b93621b29" testName="TestMethod9" computerName="Z-WIN2003" duration="00:00:00.0005676" startTime="2011-10-26T21:04:49.0156250+08:00" endTime="2011-10-26T21:04:49.0312500+08:00" testType="13cdc9d9-ddb5-4fa4-a97d-d965ccfc6d4b" outcome="PassedButRunAborted" testListId="8c84fa94-04c1-424b-9868-57a2d4851a1d">
      <Output>
      </Output>
    </UnitTestResult>
    <UnitTestResult executionId="6a180ea8-4cd9-4ade-90bd-6b3023ffcc85" testId="3fad3c25-07c8-4d3e-b92b-658c5a409fae" testName="TestMethod11" computerName="Z-WIN2003" duration="00:00:00.0110729" startTime="2011-10-26T21:04:49.0312500+08:00" endTime="2011-10-26T21:04:49.0468750+08:00" testType="13cdc9d9-ddb5-4fa4-a97d-d965ccfc6d4b" outcome="PassedButRunAborted" testListId="8c84fa94-04c1-424b-9868-57a2d4851a1d">
      <Output>
      </Output>
    </UnitTestResult>
    <UnitTestResult executionId="c4ce0e34-e8ae-43a6-ac1d-8121ad9eead0" testId="42456c65-c0d0-2236-d91b-d5ad9dc64d77" testName="TestMethod15" computerName="Z-WIN2003" duration="00:00:00.0006063" startTime="2011-10-26T21:04:49.0468750+08:00" endTime="2011-10-26T21:04:49.0625000+08:00" testType="13cdc9d9-ddb5-4fa4-a97d-d965ccfc6d4b" outcome="PassedButRunAborted" testListId="8c84fa94-04c1-424b-9868-57a2d4851a1d">
      <Output>
      </Output>
    </UnitTestResult>
    <UnitTestResult executionId="0f5f2246-95c2-4120-9f60-e4ef5f1a8c91" testId="59863143-3238-122e-4d8a-637b491cc755" testName="TestMethod1" computerName="Z-WIN2003" duration="00:00:00.0345537" startTime="2011-10-26T21:04:49.0625000+08:00" endTime="2011-10-26T21:04:49.1093750+08:00" testType="13cdc9d9-ddb5-4fa4-a97d-d965ccfc6d4b" outcome="Failed" testListId="8c84fa94-04c1-424b-9868-57a2d4851a1d">
      <Output>
        <ErrorInfo>
          <Message>Test method TestProject1.UnitTest1.TestMethod1 threw exception:  System.FormatException: Input string was not in a correct format..</Message>
          <StackTrace>    at System.Number.StringToNumber(String str, NumberStyles options, NumberBuffer&amp; number, NumberFormatInfo info, Boolean parseDecimal)
   at System.Number.ParseDouble(String value, NumberStyles options, NumberFormatInfo numfmt)
   at System.Double.Parse(String s, NumberStyles style, NumberFormatInfo info)
   at System.Double.Parse(String s)
   at testDoNet.DataFunction.testFunction.getSurplusMoney(String strDataA, String strDataB)
   at TestProject1.UnitTest1.TestMethod1() in D:\ProjectGallery\CodeSample\CSharp\TestProject1\TestProject1\2.1.10.cs:line 21
</StackTrace>
        </ErrorInfo>
      </Output>
    </UnitTestResult>
    <UnitTestResult executionId="c11599a2-67bb-4467-b54f-51c64c3c3662" testId="632b391a-8204-20df-82d8-b36a6b1c1b67" testName="TestMethod5" computerName="Z-WIN2003" duration="00:00:00.0030193" startTime="2011-10-26T21:04:49.1093750+08:00" endTime="2011-10-26T21:04:49.1250000+08:00" testType="13cdc9d9-ddb5-4fa4-a97d-d965ccfc6d4b" outcome="PassedButRunAborted" testListId="8c84fa94-04c1-424b-9868-57a2d4851a1d">
      <Output>
      </Output>
    </UnitTestResult>
    <UnitTestResult executionId="074d690d-f18d-4da0-8a55-b2c5ad2500e4" testId="6d6a1b4e-19d6-8d2b-0d70-ef9b155c721c" testName="TestMethod6" computerName="Z-WIN2003" duration="00:00:00.0008887" startTime="2011-10-26T21:04:49.1250000+08:00" endTime="2011-10-26T21:04:49.1406250+08:00" testType="13cdc9d9-ddb5-4fa4-a97d-d965ccfc6d4b" outcome="PassedButRunAborted" testListId="8c84fa94-04c1-424b-9868-57a2d4851a1d">
      <Output>
      </Output>
    </UnitTestResult>
    <UnitTestResult executionId="6567c709-a683-47eb-ad5a-2701a9d22f16" testId="717e8eeb-b167-6422-26cb-4a3f0a338336" testName="TestMethod12" computerName="Z-WIN2003" duration="00:00:00.0128073" startTime="2011-10-26T21:04:49.1406250+08:00" endTime="2011-10-26T21:04:49.1718750+08:00" testType="13cdc9d9-ddb5-4fa4-a97d-d965ccfc6d4b" outcome="PassedButRunAborted" testListId="8c84fa94-04c1-424b-9868-57a2d4851a1d">
      <Output>
      </Output>
    </UnitTestResult>
    <UnitTestResult executionId="8be749d5-27a5-418c-aa12-e865bca61812" testId="778ac384-f4ff-6a8c-7e52-50f4693efe57" testName="TestMethod3" computerName="Z-WIN2003" duration="00:00:00.0037402" startTime="2011-10-26T21:04:49.1718750+08:00" endTime="2011-10-26T21:04:49.1875000+08:00" testType="13cdc9d9-ddb5-4fa4-a97d-d965ccfc6d4b" outcome="Failed" testListId="8c84fa94-04c1-424b-9868-57a2d4851a1d">
      <Output>
        <ErrorInfo>
          <Message>Test method TestProject1.UnitTest1.TestMethod3 threw exception:  System.FormatException: Input string was not in a correct format..</Message>
          <StackTrace>    at System.Number.StringToNumber(String str, NumberStyles options, NumberBuffer&amp; number, NumberFormatInfo info, Boolean parseDecimal)
   at System.Number.ParseDouble(String value, NumberStyles options, NumberFormatInfo numfmt)
   at System.Double.Parse(String s, NumberStyles style, NumberFormatInfo info)
   at System.Double.Parse(String s)
   at testDoNet.DataFunction.testFunction.getSurplusMoney(String strDataA, String strDataB)
   at TestProject1.UnitTest1.TestMethod3() in D:\ProjectGallery\CodeSample\CSharp\TestProject1\TestProject1\2.1.10.cs:line 39
</StackTrace>
        </ErrorInfo>
      </Output>
    </UnitTestResult>
    <UnitTestResult executionId="ca75bfce-c65f-4830-ac8c-1e319a156716" testId="8ff3bff6-18d3-150b-6eea-75450ff4f0cd" testName="TestMethod14" computerName="Z-WIN2003" duration="00:00:00.0029357" startTime="2011-10-26T21:04:49.1875000+08:00" endTime="2011-10-26T21:04:49.2031250+08:00" testType="13cdc9d9-ddb5-4fa4-a97d-d965ccfc6d4b" outcome="PassedButRunAborted" testListId="8c84fa94-04c1-424b-9868-57a2d4851a1d">
      <Output>
      </Output>
    </UnitTestResult>
    <UnitTestResult executionId="d3586e0f-badd-4071-890f-631a23ea3cc5" testId="90b3b085-fa31-591a-a607-7e9c973d49b1" testName="TestMethod10" computerName="Z-WIN2003" duration="00:00:00.5129479" startTime="2011-10-26T21:04:49.2031250+08:00" endTime="2011-10-26T21:04:49.7343750+08:00" testType="13cdc9d9-ddb5-4fa4-a97d-d965ccfc6d4b" outcome="Failed" testListId="8c84fa94-04c1-424b-9868-57a2d4851a1d">
      <Output>
        <ErrorInfo>
          <Message>Assert.AreEqual failed. Expected:&lt;不用找零，用户总额和消费额相等&gt;. Actual:&lt;不用找零，用户总额和消费额相等.&gt;. </Message>
          <StackTrace>   at TestProject1.UnitTest1.TestMethod10() in D:\ProjectGallery\CodeSample\CSharp\TestProject1\TestProject1\2.1.10.cs:line 103
</StackTrace>
        </ErrorInfo>
      </Output>
    </UnitTestResult>
    <UnitTestResult executionId="ee818106-2bfa-434a-8b3d-ac2900d2caf4" testId="9381223e-8095-9777-a0c7-26043045171c" testName="TestMethod2" computerName="Z-WIN2003" duration="00:00:00.0062906" startTime="2011-10-26T21:04:49.7343750+08:00" endTime="2011-10-26T21:04:49.7500000+08:00" testType="13cdc9d9-ddb5-4fa4-a97d-d965ccfc6d4b" outcome="Failed" testListId="8c84fa94-04c1-424b-9868-57a2d4851a1d">
      <Output>
        <ErrorInfo>
          <Message>Test method TestProject1.UnitTest1.TestMethod2 threw exception:  System.FormatException: Input string was not in a correct format..</Message>
          <StackTrace>    at System.Number.StringToNumber(String str, NumberStyles options, NumberBuffer&amp; number, NumberFormatInfo info, Boolean parseDecimal)
   at System.Number.ParseDouble(String value, NumberStyles options, NumberFormatInfo numfmt)
   at System.Double.Parse(String s, NumberStyles style, NumberFormatInfo info)
   at System.Double.Parse(String s)
   at testDoNet.DataFunction.testFunction.getSurplusMoney(String strDataA, String strDataB)
   at TestProject1.UnitTest1.TestMethod2() in D:\ProjectGallery\CodeSample\CSharp\TestProject1\TestProject1\2.1.10.cs:line 30
</StackTrace>
        </ErrorInfo>
      </Output>
    </UnitTestResult>
    <UnitTestResult executionId="02710f95-3fcc-491a-879f-1ad8cb554942" testId="9df1d9aa-a8c0-dfd7-97f4-25855e430801" testName="TestMethod4" computerName="Z-WIN2003" duration="00:00:00.0032952" startTime="2011-10-26T21:04:49.7656250+08:00" endTime="2011-10-26T21:04:49.7812500+08:00" testType="13cdc9d9-ddb5-4fa4-a97d-d965ccfc6d4b" outcome="PassedButRunAborted" testListId="8c84fa94-04c1-424b-9868-57a2d4851a1d">
      <Output>
      </Output>
    </UnitTestResult>
    <UnitTestResult executionId="61bfc91e-ac78-4eca-9b74-e4444bf5ac49" testId="ad3b6974-4865-3053-e108-d66f083a661a" testName="TestMethod18" computerName="Z-WIN2003" duration="00:00:00.0038833" startTime="2011-10-26T21:04:49.7812500+08:00" endTime="2011-10-26T21:04:49.7968750+08:00" testType="13cdc9d9-ddb5-4fa4-a97d-d965ccfc6d4b" outcome="Failed" testListId="8c84fa94-04c1-424b-9868-57a2d4851a1d">
      <Output>
        <ErrorInfo>
          <Message>Assert.AreEqual failed. Expected:&lt;抱歉，消费额超出总额，请追加总额&gt;. Actual:&lt;抱歉，消费额超出总额，请追加总额.&gt;. </Message>
          <StackTrace>   at TestProject1.UnitTest1.TestMethod18() in D:\ProjectGallery\CodeSample\CSharp\TestProject1\TestProject1\2.1.10.cs:line 175
</StackTrace>
        </ErrorInfo>
      </Output>
    </UnitTestResult>
    <UnitTestResult executionId="3e80359b-db20-4415-89cf-efbf966298fa" testId="d5dd5eea-9dec-89a8-6475-86b2bdfee2dc" testName="TestMethod7" computerName="Z-WIN2003" duration="00:00:00.0172786" startTime="2011-10-26T21:04:49.7968750+08:00" endTime="2011-10-26T21:04:49.8281250+08:00" testType="13cdc9d9-ddb5-4fa4-a97d-d965ccfc6d4b" outcome="PassedButRunAborted" testListId="8c84fa94-04c1-424b-9868-57a2d4851a1d">
      <Output>
      </Output>
    </UnitTestResult>
    <UnitTestResult executionId="fb796b5e-5371-4b2e-8bc1-426eeb8efaf0" testId="f6c39598-07a6-c0a1-e8e8-1d1304f94913" testName="TestMethod17" computerName="Z-WIN2003" duration="00:01:06.2968750" startTime="2011-10-26T21:04:49.8437500+08:00" endTime="2011-10-26T21:05:56.1406250+08:00" testType="13cdc9d9-ddb5-4fa4-a97d-d965ccfc6d4b" outcome="Aborted" testListId="8c84fa94-04c1-424b-9868-57a2d4851a1d">
      <Output>
        <ErrorInfo>
          <Message>User aborted test run.</Message>
        </ErrorInfo>
      </Output>
    </UnitTestResult>
    <UnitTestResult executionId="0a47839e-05ca-471c-847b-e9ff13353bdf" testId="ff19ab38-d0c6-9616-e803-711fb1329d28" testName="TestMethod8" computerName="Z-WIN2003" duration="00:00:00" startTime="0001-01-01T08:00:00.0000000+08:00" endTime="0001-01-01T08:00:00.0000000+08:00" testType="13cdc9d9-ddb5-4fa4-a97d-d965ccfc6d4b" outcome="NotExecuted" testListId="8c84fa94-04c1-424b-9868-57a2d4851a1d">
    </UnitTestResult>
  </Results>
</TestRun>