<?xml version="1.0" encoding="UTF-8"?>
<TestRun id="46a5e019-bde4-403d-a9d5-583ce08604cc" name="Administrator@Z-WIN2003 2011-11-01 22:34:47" runUser="Z-WIN2003\Administrator" xmlns="http://microsoft.com/schemas/VisualStudio/TeamTest/2006">
  <TestRunConfiguration name="Local Test Run" id="1ff1a713-4bdb-454b-96a4-91f58c12e0d9">
    <Description>This is a default test run configuration for a local test run.</Description>
    <Deployment runDeploymentRoot="D:\ProjectGallery\CodeSample\CSharp\NHibernateSamples\TestResults\Administrator_Z-WIN2003 2011-11-01 22_34_47">
      <DeploymentItem filename="D:\ProjectGallery\SharedLibs\NHibernate\NHibernate.dll" />
      <DeploymentItem filename="D:\ProjectGallery\CodeSample\CSharp\NHibernateSamples\Domain\bin\Debug\Domain.dll" />
    </Deployment>
    <TestTypeSpecific />
  </TestRunConfiguration>
  <ResultSummary outcome="Failed">
    <Counters total="1" executed="1" error="0" failed="1" timeout="0" aborted="0" inconclusive="0" passedButRunAborted="0" notRunnable="0" notExecuted="0" disconnected="0" warning="0" passed="0" completed="0" inProgress="0" pending="0" />
  </ResultSummary>
  <Times creation="2011-11-01T22:34:47.4843750+08:00" queuing="2011-11-01T22:34:48.5156250+08:00" start="2011-11-01T22:34:48.5625000+08:00" finish="2011-11-01T22:34:52.6875000+08:00" />
  <TestDefinitions>
    <UnitTest name="GetProductByIdTest" storage="d:\projectgallery\codesample\csharp\nhibernatesamples\nhibernatesampletests\bin\debug\nhibernatesampletests.dll" id="1a3b6c7d-f18e-765f-80bb-2b2a490ab015">
      <Css projectStructure="" iteration="" />
      <Owners>
        <Owner name="" />
      </Owners>
      <Execution id="699146aa-4406-4261-b18f-4bf103b4f079" />
      <TestMethod codeBase="D:\ProjectGallery\CodeSample\CSharp\NHibernateSamples\NHibernateSampleTests\bin\Debug\NHibernateSampleTests.dll" adapterTypeName="Microsoft.VisualStudio.TestTools.TestTypes.Unit.UnitTestAdapter, Microsoft.VisualStudio.QualityTools.Tips.UnitTest.Adapter, Version=9.0.0.0, Culture=neutral, PublicKeyToken=b03f5f7f11d50a3a" className="NHibernateSampleTests.SampleTests, NHibernateSampleTests" name="GetProductByIdTest" />
    </UnitTest>
  </TestDefinitions>
  <TestLists>
    <TestList name="Results Not in a List" id="8c84fa94-04c1-424b-9868-57a2d4851a1d" />
    <TestList name="All Loaded Results" id="19431567-8539-422a-85d7-44ee4e166bda" />
  </TestLists>
  <TestEntries>
    <TestEntry testId="1a3b6c7d-f18e-765f-80bb-2b2a490ab015" executionId="699146aa-4406-4261-b18f-4bf103b4f079" testListId="8c84fa94-04c1-424b-9868-57a2d4851a1d" />
  </TestEntries>
  <Results>
    <UnitTestResult executionId="699146aa-4406-4261-b18f-4bf103b4f079" testId="1a3b6c7d-f18e-765f-80bb-2b2a490ab015" testName="GetProductByIdTest" computerName="Z-WIN2003" duration="00:00:02.0275006" startTime="2011-11-01T22:34:49.0625000+08:00" endTime="2011-11-01T22:34:52.6406250+08:00" testType="13cdc9d9-ddb5-4fa4-a97d-d965ccfc6d4b" outcome="Failed" testListId="8c84fa94-04c1-424b-9868-57a2d4851a1d">
      <Output>
        <ErrorInfo>
          <Message>Test method NHibernateSampleTests.SampleTests.GetProductByIdTest threw exception:  NHibernate.HibernateException: A ManifestResourceStream could not be created for the resource hibernate.cfg.xml in Assembly Domain, Version=1.0.0.0, Culture=neutral, PublicKeyToken=null.</Message>
          <StackTrace>    at NHibernate.Cfg.Configuration.Configure(Assembly assembly, String resourceName)
   at NHibernateSampleTests.NHibernateHelper.GetSessionFactory() in D:\ProjectGallery\CodeSample\CSharp\NHibernateSamples\NHibernateSampleTests\NHibernateHelper.cs:line 16
   at NHibernateSampleTests.NHibernateHelper..ctor() in D:\ProjectGallery\CodeSample\CSharp\NHibernateSamples\NHibernateSampleTests\NHibernateHelper.cs:line 12
   at NHibernateSampleTests.ProductDAL.Add(Product product) in D:\ProjectGallery\CodeSample\CSharp\NHibernateSamples\NHibernateSampleTests\ProductDAL.cs:line 14
   at NHibernateSampleTests.SampleTests.GetProductByIdTest() in D:\ProjectGallery\CodeSample\CSharp\NHibernateSamples\NHibernateSampleTests\SampleTests.cs:line 21
</StackTrace>
        </ErrorInfo>
      </Output>
    </UnitTestResult>
  </Results>
</TestRun>